#
# A fatal error has been detected by the Java Runtime Environment:
#
#  SIGBUS (0x7) at pc=0x00007f0e5ad7eb78, pid=5536, tid=5609
#
# JRE version: OpenJDK Runtime Environment Temurin-11.0.12+7 (11.0.12+7) (build 11.0.12+7)
# Java VM: OpenJDK 64-Bit Server VM Temurin-11.0.12+7 (11.0.12+7, mixed mode, tiered, compressed oops, g1 gc, linux-amd64)
# Problematic frame:
# V  [libjvm.so+0x97eb78]
[timeout occurred during error reporting in step "printing problematic frame"] after 30 s.
# Core dump will be written. Default location: Core dumps may be processed with "/usr/lib/systemd/systemd-coredump %P %u %g %s %t %c %h %d %F" (or dumping to /home/daizan/Libros/LibroDeSutras/core.5536)
#
# If you would like to submit a bug report, please visit:
#   https://github.com/adoptium/adoptium-support/issues
#

---------------  S U M M A R Y ------------

Command Line: 
[error occurred during error reporting (printing VM option summary), id 0x7, SIGBUS (0x7) at pc=0x00007f0e5a84d6c1]

Host: 
[timeout occurred during error reporting in step "printing summary machine and OS info"] after 30 s.

[error occurred during error reporting (printing date and time), id 0x7, SIGBUS (0x7) at pc=0x00007f0e5baad262]


---------------  T H R E A D  ---------------

Current thread (0x00007f0e550de000):  JavaThread "pool-2-thread-1" [_thread_in_vm, id=5609, stack(0x00007f0df3300000,0x00007f0df3400000)]

Stack: [0x00007f0df3300000,0x00007f0df3400000],  sp=0x00007f0df33fdf30,  free space=1015k
Native frames: (J=compiled Java code, A=aot compiled Java code, j=interpreted, Vv=VM code, C=native code)
V  [libjvm.so+0x97eb78]
[timeout occurred during error reporting in step "printing native stack"] after 30 s.
Java frames: (J=compiled Java code, j=interpreted, Vv=VM code)
j  java.util.concurrent.FutureTask.finishCompletion()V+15 java.base@11.0.12
j  java.util.concurrent.FutureTask.set(Ljava/lang/Object;)V+26 java.base@11.0.12
j  java.util.concurrent.FutureTask.run()V+68 java.base@11.0.12
j  java.util.concurrent.ScheduledThreadPoolExecutor$ScheduledFutureTask.run()V+28 java.base@11.0.12
j  java.util.concurrent.ThreadPoolExecutor.runWorker(Ljava/util/concurrent/ThreadPoolExecutor$Worker;)V+92 java.base@11.0.12
j  java.util.concurrent.ThreadPoolExecutor$Worker.run()V+5 java.base@11.0.12
j  java.lang.Thread.run()V+11 java.base@11.0.12
v  ~StubRoutines::call_stub

siginfo: si_signo: 7 (SIGBUS), si_code: 2 (BUS_ADRERR), si_addr: 0x00007f0dd4192958

Register to memory mapping:

RAX=
[error occurred during error reporting (printing register info), id 0x7, SIGBUS (0x7) at pc=0x00007f0e5beadc80]

Registers:
RAX=0x0000000000000001, RBX=0x00007f0dd4192850, RCX=0x00007f0e5a8fe510, RDX=0x00007f0e5a8fe510
RSP=0x00007f0df33fdf30, RBP=0x00007f0df33fdf40, RSI=0x00007f0df33fe090, RDI=0x00007f0e550de000
R8 =0x00007f0e550de000, R9 =0x0000000000000007, R10=0x00007f0e31870bb0, R11=0x000000000000012f
R12=0x00007f0df33fe000, R13=0x0000000000000000, R14=0x00007f0df33fe090, R15=0x00007f0df33fe200
RIP=0x00007f0e5ad7eb78, EFLAGS=0x0000000000010206, CSGSFS=0x002b000000000033, ERR=0x0000000000000004
  TRAPNO=0x000000000000000e

Top of Stack: (sp=0x00007f0df33fdf30)
0x00007f0df33fdf30:   00007f0e550de000 00007f0df33fe000
0x00007f0df33fdf40:   00007f0df33fdf80 00007f0e5acd3a6d
0x00007f0df33fdf50:   00007f0df33fdf80 00007f0e550de000
0x00007f0df33fdf60:   00007f0df33fe090 00007f0df33fe000 

Instructions: (pc=0x00007f0e5ad7eb78)
0x00007f0e5ad7ea78:   5d 41 5e 41 5f 5d c3 90 55 48 89 e5 53 48 83 ec
0x00007f0e5ad7ea88:   08 66 48 8d 3d 57 c4 bb 00 66 66 48 e8 bf 57 90
0x00007f0e5ad7ea98:   ff 48 8b 38 48 89 c3 48 8b 07 ff 50 28 84 c0 74
0x00007f0e5ad7eaa8:   0f 48 8b 03 8b 80 c0 03 00 00 83 f8 04 0f 94 c0
0x00007f0e5ad7eab8:   48 83 c4 08 5b 5d c3 90 55 31 d2 be 05 00 00 00
0x00007f0e5ad7eac8:   bf 78 00 00 00 48 89 e5 53 48 83 ec 08 e8 26 b3
0x00007f0e5ad7ead8:   ab ff 48 85 c0 48 89 c3 74 23 48 8d 05 0f fc c1
0x00007f0e5ad7eae8:   00 48 8d 35 d3 4c 6a 00 48 89 df 48 8b 08 48 8d
0x00007f0e5ad7eaf8:   05 03 fc c1 00 48 8b 10 e8 6b 29 2e 00 31 d2 be
0x00007f0e5ad7eb08:   05 00 00 00 bf 78 00 00 00 48 89 1d 28 00 c1 00
0x00007f0e5ad7eb18:   e8 e3 b2 ab ff 48 85 c0 48 89 c3 74 23 48 8d 05
0x00007f0e5ad7eb28:   bc fb c1 00 48 8d 35 9b 4c 6a 00 48 89 df 48 8b
0x00007f0e5ad7eb38:   08 48 8d 05 b0 fb c1 00 48 8b 10 e8 28 29 2e 00
0x00007f0e5ad7eb48:   48 89 1d e9 ff c0 00 48 83 c4 08 5b 5d c3 66 2e
0x00007f0e5ad7eb58:   0f 1f 84 00 00 00 00 00 55 48 85 ff 48 89 e5 41
0x00007f0e5ad7eb68:   54 53 74 54 48 8b 9f e8 00 00 00 48 85 db 74 48
0x00007f0e5ad7eb78:   48 8b 83 08 01 00 00 48 89 87 e8 00 00 00 c7 83
0x00007f0e5ad7eb88:   00 01 00 00 00 00 00 00 48 c7 83 08 01 00 00 00
0x00007f0e5ad7eb98:   00 00 00 48 89 d8 48 c7 83 18 01 00 00 00 00 00
0x00007f0e5ad7eba8:   00 48 c7 83 30 01 00 00 20 00 00 00 5b 41 5c 5d
0x00007f0e5ad7ebb8:   c3 0f 1f 80 00 00 00 00 48 8d 05 09 fb c1 00 4c
0x00007f0e5ad7ebc8:   8b 20 4d 85 e4 74 08 4c 89 e7 e8 99 24 2a 00 48
0x00007f0e5ad7ebd8:   8b 1d 4a ff c0 00 48 85 db 74 1d 48 8b 83 08 01
0x00007f0e5ad7ebe8:   00 00 48 89 05 37 ff c0 00 4d 85 e4 74 90 4c 89
0x00007f0e5ad7ebf8:   e7 e8 b2 26 2a 00 eb 86 31 d2 be 07 00 00 00 bf
0x00007f0e5ad7ec08:   38 01 00 00 e8 ef b1 ab ff 48 85 c0 48 89 c3 74
0x00007f0e5ad7ec18:   0d b9 27 00 00 00 31 c0 48 89 df f3 48 ab 83 05
0x00007f0e5ad7ec28:   03 ff c0 00 01 eb c2 90 55 48 89 e5 41 56 41 55
0x00007f0e5ad7ec38:   41 54 49 89 f4 53 48 89 fb 0f 1f 80 00 00 00 00
0x00007f0e5ad7ec48:   4d 85 e4 4c 8b ab 18 01 00 00 74 5c 49 8b 94 24
0x00007f0e5ad7ec58:   e8 00 00 00 48 c7 83 18 01 00 00 00 00 00 00 49
0x00007f0e5ad7ec68:   89 9c 24 e8 00 00 00 48 85 d2 75 0f eb 20 66 2e 


Stack slot to memory mapping:
stack at sp + 0 slots: 0x00007f0e550de000 is a thread
stack at sp + 1 slots: 0x00007f0df33fe000 is pointing into the stack for thread: 0x00007f0e550de000
stack at sp + 2 slots: 0x00007f0df33fdf80 is pointing into the stack for thread: 0x00007f0e550de000
stack at sp + 3 slots: 0x00007f0e5acd3a6d: <offset 0x00000000008d3a6d> in /home/daizan/.vscode/extensions/valentjn.vscode-ltex-13.1.0/lib/ltex-ls-15.2.0/jdk-11.0.12+7/lib/server/libjvm.so at 0x00007f0e5a400000
stack at sp + 4 slots: 0x00007f0df33fdf80 is pointing into the stack for thread: 0x00007f0e550de000
stack at sp + 5 slots: 0x00007f0e550de000 is a thread
stack at sp + 6 slots: 0x00007f0df33fe090 is pointing into the stack for thread: 0x00007f0e550de000
stack at sp + 7 slots: 0x00007f0df33fe000 is pointing into the stack for thread: 0x00007f0e550de000


---------------  P R O C E S S  ---------------

Threads class SMR info:
_java_thread_list=0x00007f0de84fbcb0, length=11, elements={
0x00007f0e5402b800, 0x00007f0e54128800, 0x00007f0e5412b000, 0x00007f0e54140800,
0x00007f0e54142800, 0x00007f0e54144800, 0x00007f0e54149000, 0x00007f0e5414b000,
0x00007f0e541cf000, 0x00007f0e550de000, 0x00007f0dd4025800
}

Java Threads: ( => current thread )
  0x00007f0e5402b800 JavaThread "main" [_thread_blocked, id=5540, stack(0x00007f0e5a210000,0x00007f0e5a310000)]
  0x00007f0e54128800 JavaThread "Reference Handler" daemon [_thread_blocked, id=5547, stack(0x00007f0e406ef000,0x00007f0e407ef000)]
  0x00007f0e5412b000 JavaThread "Finalizer" daemon [_thread_blocked, id=5548, stack(0x00007f0e405ef000,0x00007f0e406ef000)]
  0x00007f0e54140800 JavaThread "Signal Dispatcher" daemon [_thread_blocked, id=5549, stack(0x00007f0e404ef000,0x00007f0e405ef000)]
  0x00007f0e54142800 JavaThread "Service Thread" daemon [_thread_blocked, id=5550, stack(0x00007f0e40100000,0x00007f0e40200000)]
  0x00007f0e54144800 JavaThread "C2 CompilerThread0" daemon [_thread_blocked, id=5551, stack(0x00007f0e40000000,0x00007f0e40100000)]
  0x00007f0e54149000 JavaThread "C1 CompilerThread0" daemon [_thread_blocked, id=5552, stack(0x00007f0e31700000,0x00007f0e31800000)]
  0x00007f0e5414b000 JavaThread "Sweeper thread" daemon [_thread_blocked, id=5553, stack(0x00007f0e31600000,0x00007f0e31700000)]
  0x00007f0e541cf000 JavaThread "Common-Cleaner" daemon [_thread_blocked, id=5556, stack(0x00007f0e312fe000,0x00007f0e313fe000)]
=>0x00007f0e550de000 JavaThread "pool-2-thread-1" [_thread_in_vm, id=5609, stack(0x00007f0df3300000,0x00007f0df3400000)]
  0x00007f0dd4025800 JavaThread "pool-1-thread-1" [_thread_blocked, id=5612, stack(0x00007f0df2900000,0x00007f0df2a00000)]

Other Threads:
  0x00007f0e5411f800 VMThread "VM Thread" [stack: 0x00007f0e407f1000,0x00007f0e408f1000] [id=5546]
  0x00007f0e541c5800 WatcherThread [stack: 0x00007f0e31400000,0x00007f0e31500000] [id=5555]
  0x00007f0e54046000 GCTaskThread "GC Thread#0" [stack: 0x00007f0e59b00000,0x00007f0e59c00000] [id=5541]
  0x00007f0e28001000 GCTaskThread "GC Thread#1" [stack: 0x00007f0e30300000,0x00007f0e30400000] [id=5591]
  0x00007f0e2801e000 GCTaskThread "GC Thread#2" [stack: 0x00007f0df2300000,0x00007f0df2400000] [id=5619]
  0x00007f0e28071000 GCTaskThread "GC Thread#3" [stack: 0x00007f0df21fe000,0x00007f0df22fe000] [id=5620]
  0x00007f0e28072800 GCTaskThread "GC Thread#4" [stack: 0x00007f0df20fc000,0x00007f0df21fc000] [id=5621]
  0x00007f0e28074000 GCTaskThread "GC Thread#5" [stack: 0x00007f0df1ffa000,0x00007f0df20fa000] [id=5622]
  0x00007f0e54057000 ConcurrentGCThread "G1 Main Marker" [stack: 0x00007f0e583f4000,0x00007f0e584f4000] [id=5542]
  0x00007f0e54059000 ConcurrentGCThread "G1 Conc#0" [stack: 0x00007f0e582f2000,0x00007f0e583f2000] [id=5543]
  0x00007f0e34001000 ConcurrentGCThread "G1 Conc#1" [stack: 0x00007f0df3200000,0x00007f0df3300000] [id=5603]
  0x00007f0e34002800 ConcurrentGCThread "G1 Conc#2" [stack: 0x00007f0df30fe000,0x00007f0df31fe000] [id=5604]
  0x00007f0e540c3000 ConcurrentGCThread "G1 Refine#0" [stack: 0x00007f0e409f5000,0x00007f0e40af5000] [id=5544]
  0x00007f0e2c001000 ConcurrentGCThread "G1 Refine#1" [stack: 0x00007f0df2ffc000,0x00007f0df30fc000] [id=5605]
  0x00007f0dc0001000 ConcurrentGCThread "G1 Refine#2" [stack: 0x00007f0df2efa000,0x00007f0df2ffa000] [id=5606]
  0x00007f0dc4001000 ConcurrentGCThread "G1 Refine#3" [stack: 0x00007f0df2df8000,0x00007f0df2ef8000] [id=5607]
  0x00007f0db8001000 ConcurrentGCThread "G1 Refine#4" [stack: 0x00007f0df2cf6000,0x00007f0df2df6000] [id=5608]
  0x00007f0dbc001000 ConcurrentGCThread "G1 Refine#5" [stack: 0x00007f0df1ef8000,0x00007f0df1ff8000] [id=5623]
  0x00007f0da0001000 ConcurrentGCThread "G1 Refine#6" [stack: 0x00007f0df1900000,0x00007f0df1a00000] [id=7333]
  0x00007f0da402f000 ConcurrentGCThread "G1 Refine#7" [stack: 0x00007f0df17fe000,0x00007f0df18fe000] [id=7334]
  0x00007f0d9801c800 ConcurrentGCThread "G1 Refine#8" [stack: 0x00007f0df16fc000,0x00007f0df17fc000] [id=7335]
  0x00007f0e540c4800 ConcurrentGCThread "G1 Young RemSet Sampling" [stack: 0x00007f0e408f3000,0x00007f0e409f3000] [id=5545]

Threads with active compile tasks:

VM state:synchronizing (normal execution)

VM Mutex/Monitor currently owned by a thread:  ([mutex/lock_event])
[0x00007f0e54029d00] Threads_lock - owner thread: 0x00007f0e5411f800

Heap address: 0x00000000e0000000, size: 512 MB, Compressed Oops mode: 32-bit
Narrow klass base: 0x0000000000000000, Narrow klass shift: 3
Compressed class space size: 1073741824 Address: 0x0000000100000000

Heap:
 garbage-first heap   total 287744K, used 170878K [0x00000000e0000000, 0x0000000100000000)
  region size 1024K, 4 young (4096K), 2 survivors (2048K)
 Metaspace       used 31794K, capacity 32258K, committed 32640K, reserved 1079296K
  class space    used 3222K, capacity 3397K, committed 3456K, reserved 1048576K
Heap Regions: E=young(eden), S=young(survivor), O=old, HS=humongous(starts), HC=humongous(continues), CS=collection set, F=free, A=archive, TAMS=top-at-mark-start (previous, next)
|   0|0x00000000e0000000, 0x00000000e0100000, 0x00000000e0100000|100%| O|  |TAMS 0x00000000e0100000, 0x00000000e0000000| Untracked 
|   1|0x00000000e0100000, 0x00000000e0200000, 0x00000000e0200000|100%| O|  |TAMS 0x00000000e0200000, 0x00000000e0100000| Untracked 
|   2|0x00000000e0200000, 0x00000000e0300000, 0x00000000e0300000|100%| O|  |TAMS 0x00000000e0300000, 0x00000000e0200000| Untracked 
|   3|0x00000000e0300000, 0x00000000e0400000, 0x00000000e0400000|100%| O|  |TAMS 0x00000000e0400000, 0x00000000e0300000| Untracked 
|   4|0x00000000e0400000, 0x00000000e0500000, 0x00000000e0500000|100%| O|  |TAMS 0x00000000e0500000, 0x00000000e0400000| Untracked 
|   5|0x00000000e0500000, 0x00000000e0600000, 0x00000000e0600000|100%| O|  |TAMS 0x00000000e0600000, 0x00000000e0500000| Untracked 
|   6|0x00000000e0600000, 0x00000000e0700000, 0x00000000e0700000|100%| O|  |TAMS 0x00000000e0700000, 0x00000000e0600000| Untracked 
|   7|0x00000000e0700000, 0x00000000e0800000, 0x00000000e0800000|100%| O|  |TAMS 0x00000000e0800000, 0x00000000e0700000| Untracked 
|   8|0x00000000e0800000, 0x00000000e0900000, 0x00000000e0900000|100%| O|  |TAMS 0x00000000e0900000, 0x00000000e0800000| Untracked 
|   9|0x00000000e0900000, 0x00000000e0a00000, 0x00000000e0a00000|100%| O|  |TAMS 0x00000000e0a00000, 0x00000000e0900000| Untracked 
|  10|0x00000000e0a00000, 0x00000000e0b00000, 0x00000000e0b00000|100%| O|  |TAMS 0x00000000e0b00000, 0x00000000e0a00000| Untracked 
|  11|0x00000000e0b00000, 0x00000000e0c00000, 0x00000000e0c00000|100%| O|  |TAMS 0x00000000e0c00000, 0x00000000e0b00000| Untracked 
|  12|0x00000000e0c00000, 0x00000000e0d00000, 0x00000000e0d00000|100%| O|  |TAMS 0x00000000e0d00000, 0x00000000e0c00000| Untracked 
|  13|0x00000000e0d00000, 0x00000000e0e00000, 0x00000000e0e00000|100%| O|  |TAMS 0x00000000e0e00000, 0x00000000e0d00000| Untracked 
|  14|0x00000000e0e00000, 0x00000000e0f00000, 0x00000000e0f00000|100%| O|  |TAMS 0x00000000e0f00000, 0x00000000e0e00000| Untracked 
|  15|0x00000000e0f00000, 0x00000000e1000000, 0x00000000e1000000|100%| O|  |TAMS 0x00000000e1000000, 0x00000000e0f00000| Untracked 
|  16|0x00000000e1000000, 0x00000000e1100000, 0x00000000e1100000|100%| O|  |TAMS 0x00000000e1100000, 0x00000000e1000000| Untracked 
|  17|0x00000000e1100000, 0x00000000e1200000, 0x00000000e1200000|100%| O|  |TAMS 0x00000000e1200000, 0x00000000e1100000| Untracked 
|  18|0x00000000e1200000, 0x00000000e1300000, 0x00000000e1300000|100%| O|  |TAMS 0x00000000e1300000, 0x00000000e1200000| Untracked 
|  19|0x00000000e1300000, 0x00000000e1400000, 0x00000000e1400000|100%| O|  |TAMS 0x00000000e1400000, 0x00000000e1300000| Untracked 
|  20|0x00000000e1400000, 0x00000000e1500000, 0x00000000e1500000|100%| O|  |TAMS 0x00000000e1500000, 0x00000000e1400000| Untracked 
|  21|0x00000000e1500000, 0x00000000e1600000, 0x00000000e1600000|100%| O|  |TAMS 0x00000000e1600000, 0x00000000e1500000| Untracked 
|  22|0x00000000e1600000, 0x00000000e1700000, 0x00000000e1700000|100%| O|  |TAMS 0x00000000e1700000, 0x00000000e1600000| Untracked 
|  23|0x00000000e1700000, 0x00000000e1800000, 0x00000000e1800000|100%|HS|  |TAMS 0x00000000e1800000, 0x00000000e1700000| Complete 
|  24|0x00000000e1800000, 0x00000000e1900000, 0x00000000e1900000|100%| O|  |TAMS 0x00000000e1900000, 0x00000000e1800000| Untracked 
|  25|0x00000000e1900000, 0x00000000e1a00000, 0x00000000e1a00000|100%| O|  |TAMS 0x00000000e1a00000, 0x00000000e1900000| Untracked 
|  26|0x00000000e1a00000, 0x00000000e1b00000, 0x00000000e1b00000|100%| O|  |TAMS 0x00000000e1b00000, 0x00000000e1a00000| Untracked 
|  27|0x00000000e1b00000, 0x00000000e1c00000, 0x00000000e1c00000|100%| O|  |TAMS 0x00000000e1c00000, 0x00000000e1b00000| Untracked 
|  28|0x00000000e1c00000, 0x00000000e1d00000, 0x00000000e1d00000|100%| O|  |TAMS 0x00000000e1d00000, 0x00000000e1c00000| Untracked 
|  29|0x00000000e1d00000, 0x00000000e1e00000, 0x00000000e1e00000|100%| O|  |TAMS 0x00000000e1e00000, 0x00000000e1d00000| Untracked 
|  30|0x00000000e1e00000, 0x00000000e1f00000, 0x00000000e1f00000|100%| O|  |TAMS 0x00000000e1f00000, 0x00000000e1e00000| Untracked 
|  31|0x00000000e1f00000, 0x00000000e2000000, 0x00000000e2000000|100%| O|  |TAMS 0x00000000e2000000, 0x00000000e1f00000| Untracked 
|  32|0x00000000e2000000, 0x00000000e2100000, 0x00000000e2100000|100%| O|  |TAMS 0x00000000e2100000, 0x00000000e2000000| Untracked 
|  33|0x00000000e2100000, 0x00000000e2200000, 0x00000000e2200000|100%| O|  |TAMS 0x00000000e2200000, 0x00000000e2100000| Untracked 
|  34|0x00000000e2200000, 0x00000000e2300000, 0x00000000e2300000|100%| O|  |TAMS 0x00000000e2300000, 0x00000000e2200000| Untracked 
|  35|0x00000000e2300000, 0x00000000e2400000, 0x00000000e2400000|100%| O|  |TAMS 0x00000000e2400000, 0x00000000e2300000| Untracked 
|  36|0x00000000e2400000, 0x00000000e2500000, 0x00000000e2500000|100%| O|  |TAMS 0x00000000e2500000, 0x00000000e2400000| Untracked 
|  37|0x00000000e2500000, 0x00000000e2600000, 0x00000000e2600000|100%| O|  |TAMS 0x00000000e2600000, 0x00000000e2500000| Untracked 
|  38|0x00000000e2600000, 0x00000000e2700000, 0x00000000e2700000|100%| O|  |TAMS 0x00000000e2700000, 0x00000000e2600000| Untracked 
|  39|0x00000000e2700000, 0x00000000e2800000, 0x00000000e2800000|100%| O|  |TAMS 0x00000000e2800000, 0x00000000e2700000| Untracked 
|  40|0x00000000e2800000, 0x00000000e2900000, 0x00000000e2900000|100%| O|  |TAMS 0x00000000e2900000, 0x00000000e2800000| Untracked 
|  41|0x00000000e2900000, 0x00000000e2a00000, 0x00000000e2a00000|100%| O|  |TAMS 0x00000000e2a00000, 0x00000000e2900000| Untracked 
|  42|0x00000000e2a00000, 0x00000000e2b00000, 0x00000000e2b00000|100%| O|  |TAMS 0x00000000e2b00000, 0x00000000e2a00000| Untracked 
|  43|0x00000000e2b00000, 0x00000000e2c00000, 0x00000000e2c00000|100%| O|  |TAMS 0x00000000e2c00000, 0x00000000e2b00000| Untracked 
|  44|0x00000000e2c00000, 0x00000000e2d00000, 0x00000000e2d00000|100%| O|  |TAMS 0x00000000e2d00000, 0x00000000e2c00000| Untracked 
|  45|0x00000000e2d00000, 0x00000000e2e00000, 0x00000000e2e00000|100%| O|  |TAMS 0x00000000e2e00000, 0x00000000e2d00000| Untracked 
|  46|0x00000000e2e00000, 0x00000000e2f00000, 0x00000000e2f00000|100%| O|  |TAMS 0x00000000e2f00000, 0x00000000e2e00000| Untracked 
|  47|0x00000000e2f00000, 0x00000000e3000000, 0x00000000e3000000|100%| O|  |TAMS 0x00000000e3000000, 0x00000000e2f00000| Untracked 
|  48|0x00000000e3000000, 0x00000000e3100000, 0x00000000e3100000|100%| O|  |TAMS 0x00000000e3100000, 0x00000000e3000000| Untracked 
|  49|0x00000000e3100000, 0x00000000e3200000, 0x00000000e3200000|100%| O|  |TAMS 0x00000000e3200000, 0x00000000e3100000| Untracked 
|  50|0x00000000e3200000, 0x00000000e3300000, 0x00000000e3300000|100%| O|  |TAMS 0x00000000e3300000, 0x00000000e3200000| Untracked 
|  51|0x00000000e3300000, 0x00000000e3400000, 0x00000000e3400000|100%| O|  |TAMS 0x00000000e3400000, 0x00000000e3300000| Untracked 
|  52|0x00000000e3400000, 0x00000000e3500000, 0x00000000e3500000|100%| O|  |TAMS 0x00000000e3500000, 0x00000000e3400000| Untracked 
|  53|0x00000000e3500000, 0x00000000e3600000, 0x00000000e3600000|100%| O|  |TAMS 0x00000000e3600000, 0x00000000e3500000| Untracked 
|  54|0x00000000e3600000, 0x00000000e3700000, 0x00000000e3700000|100%| O|  |TAMS 0x00000000e3700000, 0x00000000e3600000| Untracked 
|  55|0x00000000e3700000, 0x00000000e3800000, 0x00000000e3800000|100%| O|  |TAMS 0x00000000e3800000, 0x00000000e3700000| Untracked 
|  56|0x00000000e3800000, 0x00000000e3900000, 0x00000000e3900000|100%| O|  |TAMS 0x00000000e3900000, 0x00000000e3800000| Untracked 
|  57|0x00000000e3900000, 0x00000000e3a00000, 0x00000000e3a00000|100%| O|  |TAMS 0x00000000e3a00000, 0x00000000e3900000| Untracked 
|  58|0x00000000e3a00000, 0x00000000e3b00000, 0x00000000e3b00000|100%| O|  |TAMS 0x00000000e3b00000, 0x00000000e3a00000| Untracked 
|  59|0x00000000e3b00000, 0x00000000e3c00000, 0x00000000e3c00000|100%| O|  |TAMS 0x00000000e3c00000, 0x00000000e3b00000| Untracked 
|  60|0x00000000e3c00000, 0x00000000e3d00000, 0x00000000e3d00000|100%| O|  |TAMS 0x00000000e3d00000, 0x00000000e3c00000| Untracked 
|  61|0x00000000e3d00000, 0x00000000e3e00000, 0x00000000e3e00000|100%| O|  |TAMS 0x00000000e3e00000, 0x00000000e3d00000| Untracked 
|  62|0x00000000e3e00000, 0x00000000e3f00000, 0x00000000e3f00000|100%| O|  |TAMS 0x00000000e3f00000, 0x00000000e3e00000| Untracked 
|  63|0x00000000e3f00000, 0x00000000e4000000, 0x00000000e4000000|100%| O|  |TAMS 0x00000000e4000000, 0x00000000e3f00000| Untracked 
|  64|0x00000000e4000000, 0x00000000e4100000, 0x00000000e4100000|100%| O|  |TAMS 0x00000000e4100000, 0x00000000e4000000| Untracked 
|  65|0x00000000e4100000, 0x00000000e4200000, 0x00000000e4200000|100%| O|  |TAMS 0x00000000e4200000, 0x00000000e4100000| Untracked 
|  66|0x00000000e4200000, 0x00000000e4300000, 0x00000000e4300000|100%| O|  |TAMS 0x00000000e4300000, 0x00000000e4200000| Untracked 
|  67|0x00000000e4300000, 0x00000000e4400000, 0x00000000e4400000|100%| O|  |TAMS 0x00000000e4400000, 0x00000000e4300000| Untracked 
|  68|0x00000000e4400000, 0x00000000e4500000, 0x00000000e4500000|100%| O|  |TAMS 0x00000000e4500000, 0x00000000e4400000| Untracked 
|  69|0x00000000e4500000, 0x00000000e4600000, 0x00000000e4600000|100%| O|  |TAMS 0x00000000e4600000, 0x00000000e4500000| Untracked 
|  70|0x00000000e4600000, 0x00000000e4700000, 0x00000000e4700000|100%| O|  |TAMS 0x00000000e4700000, 0x00000000e4600000| Untracked 
|  71|0x00000000e4700000, 0x00000000e4800000, 0x00000000e4800000|100%| O|  |TAMS 0x00000000e4800000, 0x00000000e4700000| Untracked 
|  72|0x00000000e4800000, 0x00000000e4900000, 0x00000000e4900000|100%| O|  |TAMS 0x00000000e4900000, 0x00000000e4800000| Untracked 
|  73|0x00000000e4900000, 0x00000000e4a00000, 0x00000000e4a00000|100%| O|  |TAMS 0x00000000e4a00000, 0x00000000e4900000| Untracked 
|  74|0x00000000e4a00000, 0x00000000e4b00000, 0x00000000e4b00000|100%| O|  |TAMS 0x00000000e4b00000, 0x00000000e4a00000| Untracked 
|  75|0x00000000e4b00000, 0x00000000e4c00000, 0x00000000e4c00000|100%| O|  |TAMS 0x00000000e4c00000, 0x00000000e4b00000| Untracked 
|  76|0x00000000e4c00000, 0x00000000e4d00000, 0x00000000e4d00000|100%| O|  |TAMS 0x00000000e4d00000, 0x00000000e4c00000| Untracked 
|  77|0x00000000e4d00000, 0x00000000e4e00000, 0x00000000e4e00000|100%| O|  |TAMS 0x00000000e4e00000, 0x00000000e4d00000| Untracked 
|  78|0x00000000e4e00000, 0x00000000e4f00000, 0x00000000e4f00000|100%| O|  |TAMS 0x00000000e4f00000, 0x00000000e4e00000| Untracked 
|  79|0x00000000e4f00000, 0x00000000e5000000, 0x00000000e5000000|100%| O|  |TAMS 0x00000000e5000000, 0x00000000e4f00000| Untracked 
|  80|0x00000000e5000000, 0x00000000e5100000, 0x00000000e5100000|100%| O|  |TAMS 0x00000000e5100000, 0x00000000e5000000| Untracked 
|  81|0x00000000e5100000, 0x00000000e5200000, 0x00000000e5200000|100%| O|  |TAMS 0x00000000e5200000, 0x00000000e5100000| Untracked 
|  82|0x00000000e5200000, 0x00000000e5300000, 0x00000000e5300000|100%| O|  |TAMS 0x00000000e5300000, 0x00000000e5200000| Untracked 
|  83|0x00000000e5300000, 0x00000000e5400000, 0x00000000e5400000|100%|HS|  |TAMS 0x00000000e5400000, 0x00000000e5300000| Complete 
|  84|0x00000000e5400000, 0x00000000e5500000, 0x00000000e5500000|100%|HC|  |TAMS 0x00000000e5500000, 0x00000000e5400000| Complete 
|  85|0x00000000e5500000, 0x00000000e5600000, 0x00000000e5600000|100%|HC|  |TAMS 0x00000000e5600000, 0x00000000e5500000| Complete 
|  86|0x00000000e5600000, 0x00000000e5700000, 0x00000000e5700000|100%| O|  |TAMS 0x00000000e5700000, 0x00000000e5600000| Untracked 
|  87|0x00000000e5700000, 0x00000000e5800000, 0x00000000e5800000|100%| O|  |TAMS 0x00000000e5800000, 0x00000000e5700000| Untracked 
|  88|0x00000000e5800000, 0x00000000e5900000, 0x00000000e5900000|100%| O|  |TAMS 0x00000000e5900000, 0x00000000e5800000| Untracked 
|  89|0x00000000e5900000, 0x00000000e5a00000, 0x00000000e5a00000|100%| O|  |TAMS 0x00000000e5a00000, 0x00000000e5900000| Untracked 
|  90|0x00000000e5a00000, 0x00000000e5b00000, 0x00000000e5b00000|100%| O|  |TAMS 0x00000000e5b00000, 0x00000000e5a00000| Untracked 
|  91|0x00000000e5b00000, 0x00000000e5c00000, 0x00000000e5c00000|100%| O|  |TAMS 0x00000000e5c00000, 0x00000000e5b00000| Untracked 
|  92|0x00000000e5c00000, 0x00000000e5d00000, 0x00000000e5d00000|100%| O|  |TAMS 0x00000000e5d00000, 0x00000000e5c00000| Untracked 
|  93|0x00000000e5d00000, 0x00000000e5e00000, 0x00000000e5e00000|100%| O|  |TAMS 0x00000000e5e00000, 0x00000000e5d00000| Untracked 
|  94|0x00000000e5e00000, 0x00000000e5f00000, 0x00000000e5f00000|100%| O|  |TAMS 0x00000000e5f00000, 0x00000000e5e00000| Untracked 
|  95|0x00000000e5f00000, 0x00000000e6000000, 0x00000000e6000000|100%| O|  |TAMS 0x00000000e6000000, 0x00000000e5f00000| Untracked 
|  96|0x00000000e6000000, 0x00000000e6100000, 0x00000000e6100000|100%| O|  |TAMS 0x00000000e6100000, 0x00000000e6000000| Untracked 
|  97|0x00000000e6100000, 0x00000000e6200000, 0x00000000e6200000|100%| O|  |TAMS 0x00000000e6200000, 0x00000000e6100000| Untracked 
|  98|0x00000000e6200000, 0x00000000e6300000, 0x00000000e6300000|100%|HS|  |TAMS 0x00000000e6200000, 0x00000000e6200000| Complete 
|  99|0x00000000e6300000, 0x00000000e6400000, 0x00000000e6400000|100%| O|  |TAMS 0x00000000e6400000, 0x00000000e6300000| Untracked 
| 100|0x00000000e6400000, 0x00000000e6500000, 0x00000000e6500000|100%|HS|  |TAMS 0x00000000e6400000, 0x00000000e6400000| Complete 
| 101|0x00000000e6500000, 0x00000000e6600000, 0x00000000e6600000|100%| O|  |TAMS 0x00000000e6600000, 0x00000000e6500000| Untracked 
| 102|0x00000000e6600000, 0x00000000e6700000, 0x00000000e6700000|100%|HS|  |TAMS 0x00000000e6600000, 0x00000000e6600000| Complete 
| 103|0x00000000e6700000, 0x00000000e6800000, 0x00000000e6800000|100%| O|  |TAMS 0x00000000e6800000, 0x00000000e6700000| Untracked 
| 104|0x00000000e6800000, 0x00000000e6800000, 0x00000000e6900000|  0%| F|  |TAMS 0x00000000e6800000, 0x00000000e6800000| Untracked 
| 105|0x00000000e6900000, 0x00000000e6a00000, 0x00000000e6a00000|100%| O|  |TAMS 0x00000000e6a00000, 0x00000000e6900000| Untracked 
| 106|0x00000000e6a00000, 0x00000000e6b00000, 0x00000000e6b00000|100%| O|  |TAMS 0x00000000e6b00000, 0x00000000e6a00000| Untracked 
| 107|0x00000000e6b00000, 0x00000000e6c00000, 0x00000000e6c00000|100%| O|  |TAMS 0x00000000e6c00000, 0x00000000e6b00000| Untracked 
| 108|0x00000000e6c00000, 0x00000000e6d00000, 0x00000000e6d00000|100%| O|  |TAMS 0x00000000e6d00000, 0x00000000e6c00000| Untracked 
| 109|0x00000000e6d00000, 0x00000000e6e00000, 0x00000000e6e00000|100%|HS|  |TAMS 0x00000000e6d00000, 0x00000000e6d00000| Complete 
| 110|0x00000000e6e00000, 0x00000000e6f00000, 0x00000000e6f00000|100%|HC|  |TAMS 0x00000000e6e00000, 0x00000000e6e00000| Complete 
| 111|0x00000000e6f00000, 0x00000000e7000000, 0x00000000e7000000|100%| O|  |TAMS 0x00000000e7000000, 0x00000000e6f00000| Untracked 
| 112|0x00000000e7000000, 0x00000000e7100000, 0x00000000e7100000|100%| O|  |TAMS 0x00000000e7100000, 0x00000000e7000000| Untracked 
| 113|0x00000000e7100000, 0x00000000e7200000, 0x00000000e7200000|100%|HS|  |TAMS 0x00000000e7200000, 0x00000000e7100000| Complete 
| 114|0x00000000e7200000, 0x00000000e7300000, 0x00000000e7300000|100%|HC|  |TAMS 0x00000000e7300000, 0x00000000e7200000| Complete 
| 115|0x00000000e7300000, 0x00000000e7400000, 0x00000000e7400000|100%| O|  |TAMS 0x00000000e7400000, 0x00000000e7300000| Untracked 
| 116|0x00000000e7400000, 0x00000000e7500000, 0x00000000e7500000|100%| O|  |TAMS 0x00000000e7500000, 0x00000000e7400000| Untracked 
| 117|0x00000000e7500000, 0x00000000e7600000, 0x00000000e7600000|100%| O|  |TAMS 0x00000000e7600000, 0x00000000e7500000| Untracked 
| 118|0x00000000e7600000, 0x00000000e7700000, 0x00000000e7700000|100%|HS|  |TAMS 0x00000000e7700000, 0x00000000e7600000| Complete 
| 119|0x00000000e7700000, 0x00000000e7800000, 0x00000000e7800000|100%| O|  |TAMS 0x00000000e7800000, 0x00000000e7700000| Untracked 
| 120|0x00000000e7800000, 0x00000000e7900000, 0x00000000e7900000|100%| O|  |TAMS 0x00000000e7900000, 0x00000000e7800000| Untracked 
| 121|0x00000000e7900000, 0x00000000e7a00000, 0x00000000e7a00000|100%| O|  |TAMS 0x00000000e7a00000, 0x00000000e7900000| Untracked 
| 122|0x00000000e7a00000, 0x00000000e7acae00, 0x00000000e7b00000| 79%| O|  |TAMS 0x00000000e7acae00, 0x00000000e7a00000| Untracked 
| 123|0x00000000e7b00000, 0x00000000e7c00000, 0x00000000e7c00000|100%|HS|  |TAMS 0x00000000e7b00000, 0x00000000e7b00000| Complete 
| 124|0x00000000e7c00000, 0x00000000e7d00000, 0x00000000e7d00000|100%|HC|  |TAMS 0x00000000e7c00000, 0x00000000e7c00000| Complete 
| 125|0x00000000e7d00000, 0x00000000e7e00000, 0x00000000e7e00000|100%|HC|  |TAMS 0x00000000e7d00000, 0x00000000e7d00000| Complete 
| 126|0x00000000e7e00000, 0x00000000e7f00000, 0x00000000e7f00000|100%|HS|  |TAMS 0x00000000e7e00000, 0x00000000e7e00000| Complete 
| 127|0x00000000e7f00000, 0x00000000e8000000, 0x00000000e8000000|100%|HC|  |TAMS 0x00000000e7f00000, 0x00000000e7f00000| Complete 
| 128|0x00000000e8000000, 0x00000000e8100000, 0x00000000e8100000|100%|HS|  |TAMS 0x00000000e8000000, 0x00000000e8000000| Complete 
| 129|0x00000000e8100000, 0x00000000e8200000, 0x00000000e8200000|100%|HC|  |TAMS 0x00000000e8100000, 0x00000000e8100000| Complete 
| 130|0x00000000e8200000, 0x00000000e8200000, 0x00000000e8300000|  0%| F|  |TAMS 0x00000000e8200000, 0x00000000e8200000| Untracked 
| 131|0x00000000e8300000, 0x00000000e8300000, 0x00000000e8400000|  0%| F|  |TAMS 0x00000000e8300000, 0x00000000e8300000| Untracked 
| 132|0x00000000e8400000, 0x00000000e8400000, 0x00000000e8500000|  0%| F|  |TAMS 0x00000000e8400000, 0x00000000e8400000| Untracked 
| 133|0x00000000e8500000, 0x00000000e8500000, 0x00000000e8600000|  0%| F|  |TAMS 0x00000000e8500000, 0x00000000e8500000| Untracked 
| 134|0x00000000e8600000, 0x00000000e8600000, 0x00000000e8700000|  0%| F|  |TAMS 0x00000000e8600000, 0x00000000e8600000| Untracked 
| 135|0x00000000e8700000, 0x00000000e8700000, 0x00000000e8800000|  0%| F|  |TAMS 0x00000000e8700000, 0x00000000e8700000| Untracked 
| 136|0x00000000e8800000, 0x00000000e8800000, 0x00000000e8900000|  0%| F|  |TAMS 0x00000000e8800000, 0x00000000e8800000| Untracked 
| 137|0x00000000e8900000, 0x00000000e8900000, 0x00000000e8a00000|  0%| F|  |TAMS 0x00000000e8900000, 0x00000000e8900000| Untracked 
| 138|0x00000000e8a00000, 0x00000000e8b00000, 0x00000000e8b00000|100%|HS|  |TAMS 0x00000000e8b00000, 0x00000000e8a00000| Complete 
| 139|0x00000000e8b00000, 0x00000000e8c00000, 0x00000000e8c00000|100%|HC|  |TAMS 0x00000000e8c00000, 0x00000000e8b00000| Complete 
| 140|0x00000000e8c00000, 0x00000000e8c00000, 0x00000000e8d00000|  0%| F|  |TAMS 0x00000000e8c00000, 0x00000000e8c00000| Untracked 
| 141|0x00000000e8d00000, 0x00000000e8d00000, 0x00000000e8e00000|  0%| F|  |TAMS 0x00000000e8d00000, 0x00000000e8d00000| Untracked 
| 142|0x00000000e8e00000, 0x00000000e8e00000, 0x00000000e8f00000|  0%| F|  |TAMS 0x00000000e8e00000, 0x00000000e8e00000| Untracked 
| 143|0x00000000e8f00000, 0x00000000e8f00000, 0x00000000e9000000|  0%| F|  |TAMS 0x00000000e8f00000, 0x00000000e8f00000| Untracked 
| 144|0x00000000e9000000, 0x00000000e9000000, 0x00000000e9100000|  0%| F|  |TAMS 0x00000000e9000000, 0x00000000e9000000| Untracked 
| 145|0x00000000e9100000, 0x00000000e9100000, 0x00000000e9200000|  0%| F|  |TAMS 0x00000000e9100000, 0x00000000e9100000| Untracked 
| 146|0x00000000e9200000, 0x00000000e9200000, 0x00000000e9300000|  0%| F|  |TAMS 0x00000000e9200000, 0x00000000e9200000| Untracked 
| 147|0x00000000e9300000, 0x00000000e9300000, 0x00000000e9400000|  0%| F|  |TAMS 0x00000000e9300000, 0x00000000e9300000| Untracked 
| 148|0x00000000e9400000, 0x00000000e9400000, 0x00000000e9500000|  0%| F|  |TAMS 0x00000000e9400000, 0x00000000e9400000| Untracked 
| 149|0x00000000e9500000, 0x00000000e9500000, 0x00000000e9600000|  0%| F|  |TAMS 0x00000000e9500000, 0x00000000e9500000| Untracked 
| 150|0x00000000e9600000, 0x00000000e9600000, 0x00000000e9700000|  0%| F|  |TAMS 0x00000000e9600000, 0x00000000e9600000| Untracked 
| 151|0x00000000e9700000, 0x00000000e9700000, 0x00000000e9800000|  0%| F|  |TAMS 0x00000000e9700000, 0x00000000e9700000| Untracked 
| 152|0x00000000e9800000, 0x00000000e9800000, 0x00000000e9900000|  0%| F|  |TAMS 0x00000000e9800000, 0x00000000e9800000| Untracked 
| 153|0x00000000e9900000, 0x00000000e9900000, 0x00000000e9a00000|  0%| F|  |TAMS 0x00000000e9900000, 0x00000000e9900000| Untracked 
| 154|0x00000000e9a00000, 0x00000000e9a00000, 0x00000000e9b00000|  0%| F|  |TAMS 0x00000000e9a00000, 0x00000000e9a00000| Untracked 
| 155|0x00000000e9b00000, 0x00000000e9b00000, 0x00000000e9c00000|  0%| F|  |TAMS 0x00000000e9b00000, 0x00000000e9b00000| Untracked 
| 156|0x00000000e9c00000, 0x00000000e9c00000, 0x00000000e9d00000|  0%| F|  |TAMS 0x00000000e9c00000, 0x00000000e9c00000| Untracked 
| 157|0x00000000e9d00000, 0x00000000e9d00000, 0x00000000e9e00000|  0%| F|  |TAMS 0x00000000e9d00000, 0x00000000e9d00000| Untracked 
| 158|0x00000000e9e00000, 0x00000000e9e00000, 0x00000000e9f00000|  0%| F|  |TAMS 0x00000000e9e00000, 0x00000000e9e00000| Untracked 
| 159|0x00000000e9f00000, 0x00000000e9f00000, 0x00000000ea000000|  0%| F|  |TAMS 0x00000000e9f00000, 0x00000000e9f00000| Untracked 
| 160|0x00000000ea000000, 0x00000000ea000000, 0x00000000ea100000|  0%| F|  |TAMS 0x00000000ea000000, 0x00000000ea000000| Untracked 
| 161|0x00000000ea100000, 0x00000000ea100000, 0x00000000ea200000|  0%| F|  |TAMS 0x00000000ea100000, 0x00000000ea100000| Untracked 
| 162|0x00000000ea200000, 0x00000000ea200000, 0x00000000ea300000|  0%| F|  |TAMS 0x00000000ea200000, 0x00000000ea200000| Untracked 
| 163|0x00000000ea300000, 0x00000000ea300000, 0x00000000ea400000|  0%| F|  |TAMS 0x00000000ea300000, 0x00000000ea300000| Untracked 
| 164|0x00000000ea400000, 0x00000000ea400000, 0x00000000ea500000|  0%| F|  |TAMS 0x00000000ea400000, 0x00000000ea400000| Untracked 
| 165|0x00000000ea500000, 0x00000000ea500000, 0x00000000ea600000|  0%| F|  |TAMS 0x00000000ea500000, 0x00000000ea500000| Untracked 
| 166|0x00000000ea600000, 0x00000000ea600000, 0x00000000ea700000|  0%| F|  |TAMS 0x00000000ea600000, 0x00000000ea600000| Untracked 
| 167|0x00000000ea700000, 0x00000000ea700000, 0x00000000ea800000|  0%| F|  |TAMS 0x00000000ea700000, 0x00000000ea700000| Untracked 
| 168|0x00000000ea800000, 0x00000000ea800000, 0x00000000ea900000|  0%| F|  |TAMS 0x00000000ea800000, 0x00000000ea800000| Untracked 
| 169|0x00000000ea900000, 0x00000000ea900000, 0x00000000eaa00000|  0%| F|  |TAMS 0x00000000ea900000, 0x00000000ea900000| Untracked 
| 170|0x00000000eaa00000, 0x00000000eaa00000, 0x00000000eab00000|  0%| F|  |TAMS 0x00000000eaa00000, 0x00000000eaa00000| Untracked 
| 171|0x00000000eab00000, 0x00000000eab00000, 0x00000000eac00000|  0%| F|  |TAMS 0x00000000eab00000, 0x00000000eab00000| Untracked 
| 172|0x00000000eac00000, 0x00000000eac00000, 0x00000000ead00000|  0%| F|  |TAMS 0x00000000eac00000, 0x00000000eac00000| Untracked 
| 173|0x00000000ead00000, 0x00000000ead00000, 0x00000000eae00000|  0%| F|  |TAMS 0x00000000ead00000, 0x00000000ead00000| Untracked 
| 174|0x00000000eae00000, 0x00000000eae00000, 0x00000000eaf00000|  0%| F|  |TAMS 0x00000000eae00000, 0x00000000eae00000| Untracked 
| 175|0x00000000eaf00000, 0x00000000eaf00000, 0x00000000eb000000|  0%| F|  |TAMS 0x00000000eaf00000, 0x00000000eaf00000| Untracked 
| 176|0x00000000eb000000, 0x00000000eb000000, 0x00000000eb100000|  0%| F|  |TAMS 0x00000000eb000000, 0x00000000eb000000| Untracked 
| 177|0x00000000eb100000, 0x00000000eb100000, 0x00000000eb200000|  0%| F|  |TAMS 0x00000000eb100000, 0x00000000eb100000| Untracked 
| 178|0x00000000eb200000, 0x00000000eb200000, 0x00000000eb300000|  0%| F|  |TAMS 0x00000000eb200000, 0x00000000eb200000| Untracked 
| 179|0x00000000eb300000, 0x00000000eb300000, 0x00000000eb400000|  0%| F|  |TAMS 0x00000000eb300000, 0x00000000eb300000| Untracked 
| 180|0x00000000eb400000, 0x00000000eb400000, 0x00000000eb500000|  0%| F|  |TAMS 0x00000000eb400000, 0x00000000eb400000| Untracked 
| 181|0x00000000eb500000, 0x00000000eb500000, 0x00000000eb600000|  0%| F|  |TAMS 0x00000000eb500000, 0x00000000eb500000| Untracked 
| 182|0x00000000eb600000, 0x00000000eb600000, 0x00000000eb700000|  0%| F|  |TAMS 0x00000000eb600000, 0x00000000eb600000| Untracked 
| 183|0x00000000eb700000, 0x00000000eb700000, 0x00000000eb800000|  0%| F|  |TAMS 0x00000000eb700000, 0x00000000eb700000| Untracked 
| 184|0x00000000eb800000, 0x00000000eb800000, 0x00000000eb900000|  0%| F|  |TAMS 0x00000000eb800000, 0x00000000eb800000| Untracked 
| 185|0x00000000eb900000, 0x00000000eb900000, 0x00000000eba00000|  0%| F|  |TAMS 0x00000000eb900000, 0x00000000eb900000| Untracked 
| 186|0x00000000eba00000, 0x00000000eba00000, 0x00000000ebb00000|  0%| F|  |TAMS 0x00000000eba00000, 0x00000000eba00000| Untracked 
| 187|0x00000000ebb00000, 0x00000000ebb00000, 0x00000000ebc00000|  0%| F|  |TAMS 0x00000000ebb00000, 0x00000000ebb00000| Untracked 
| 188|0x00000000ebc00000, 0x00000000ebc00000, 0x00000000ebd00000|  0%| F|  |TAMS 0x00000000ebc00000, 0x00000000ebc00000| Untracked 
| 189|0x00000000ebd00000, 0x00000000ebd00000, 0x00000000ebe00000|  0%| F|  |TAMS 0x00000000ebd00000, 0x00000000ebd00000| Untracked 
| 190|0x00000000ebe00000, 0x00000000ebe00000, 0x00000000ebf00000|  0%| F|  |TAMS 0x00000000ebe00000, 0x00000000ebe00000| Untracked 
| 191|0x00000000ebf00000, 0x00000000ebf00000, 0x00000000ec000000|  0%| F|  |TAMS 0x00000000ebf00000, 0x00000000ebf00000| Untracked 
| 192|0x00000000ec000000, 0x00000000ec000000, 0x00000000ec100000|  0%| F|  |TAMS 0x00000000ec000000, 0x00000000ec000000| Untracked 
| 193|0x00000000ec100000, 0x00000000ec100000, 0x00000000ec200000|  0%| F|  |TAMS 0x00000000ec100000, 0x00000000ec100000| Untracked 
| 194|0x00000000ec200000, 0x00000000ec200000, 0x00000000ec300000|  0%| F|  |TAMS 0x00000000ec200000, 0x00000000ec200000| Untracked 
| 195|0x00000000ec300000, 0x00000000ec300000, 0x00000000ec400000|  0%| F|  |TAMS 0x00000000ec300000, 0x00000000ec300000| Untracked 
| 196|0x00000000ec400000, 0x00000000ec400000, 0x00000000ec500000|  0%| F|  |TAMS 0x00000000ec400000, 0x00000000ec400000| Untracked 
| 197|0x00000000ec500000, 0x00000000ec500000, 0x00000000ec600000|  0%| F|  |TAMS 0x00000000ec500000, 0x00000000ec500000| Untracked 
| 198|0x00000000ec600000, 0x00000000ec600000, 0x00000000ec700000|  0%| F|  |TAMS 0x00000000ec600000, 0x00000000ec600000| Untracked 
| 199|0x00000000ec700000, 0x00000000ec700000, 0x00000000ec800000|  0%| F|  |TAMS 0x00000000ec700000, 0x00000000ec700000| Untracked 
| 200|0x00000000ec800000, 0x00000000ec800000, 0x00000000ec900000|  0%| F|  |TAMS 0x00000000ec800000, 0x00000000ec800000| Untracked 
| 201|0x00000000ec900000, 0x00000000ec900000, 0x00000000eca00000|  0%| F|  |TAMS 0x00000000ec900000, 0x00000000ec900000| Untracked 
| 202|0x00000000eca00000, 0x00000000eca00000, 0x00000000ecb00000|  0%| F|  |TAMS 0x00000000eca00000, 0x00000000eca00000| Untracked 
| 203|0x00000000ecb00000, 0x00000000ecb14cf0, 0x00000000ecc00000|  8%| S|CS|TAMS 0x00000000ecb00000, 0x00000000ecb00000| Complete 
| 204|0x00000000ecc00000, 0x00000000ecd00000, 0x00000000ecd00000|100%| S|CS|TAMS 0x00000000ecc00000, 0x00000000ecc00000| Complete 
| 205|0x00000000ecd00000, 0x00000000ecd00000, 0x00000000ece00000|  0%| F|  |TAMS 0x00000000ecd00000, 0x00000000ecd00000| Untracked 
| 206|0x00000000ece00000, 0x00000000ece00000, 0x00000000ecf00000|  0%| F|  |TAMS 0x00000000ece00000, 0x00000000ece00000| Untracked 
| 207|0x00000000ecf00000, 0x00000000ecf00000, 0x00000000ed000000|  0%| F|  |TAMS 0x00000000ecf00000, 0x00000000ecf00000| Untracked 
| 208|0x00000000ed000000, 0x00000000ed000000, 0x00000000ed100000|  0%| F|  |TAMS 0x00000000ed000000, 0x00000000ed000000| Untracked 
| 209|0x00000000ed100000, 0x00000000ed200000, 0x00000000ed200000|100%| O|  |TAMS 0x00000000ed200000, 0x00000000ed100000| Untracked 
| 210|0x00000000ed200000, 0x00000000ed200000, 0x00000000ed300000|  0%| F|  |TAMS 0x00000000ed200000, 0x00000000ed200000| Untracked 
| 211|0x00000000ed300000, 0x00000000ed300000, 0x00000000ed400000|  0%| F|  |TAMS 0x00000000ed300000, 0x00000000ed300000| Untracked 
| 212|0x00000000ed400000, 0x00000000ed400000, 0x00000000ed500000|  0%| F|  |TAMS 0x00000000ed400000, 0x00000000ed400000| Untracked 
| 213|0x00000000ed500000, 0x00000000ed500000, 0x00000000ed600000|  0%| F|  |TAMS 0x00000000ed500000, 0x00000000ed500000| Untracked 
| 214|0x00000000ed600000, 0x00000000ed600000, 0x00000000ed700000|  0%| F|  |TAMS 0x00000000ed600000, 0x00000000ed600000| Untracked 
| 215|0x00000000ed700000, 0x00000000ed700000, 0x00000000ed800000|  0%| F|  |TAMS 0x00000000ed700000, 0x00000000ed700000| Untracked 
| 216|0x00000000ed800000, 0x00000000ed800000, 0x00000000ed900000|  0%| F|  |TAMS 0x00000000ed800000, 0x00000000ed800000| Untracked 
| 217|0x00000000ed900000, 0x00000000eda00000, 0x00000000eda00000|100%| O|  |TAMS 0x00000000eda00000, 0x00000000ed900000| Untracked 
| 218|0x00000000eda00000, 0x00000000edb00000, 0x00000000edb00000|100%| O|  |TAMS 0x00000000edb00000, 0x00000000eda00000| Untracked 
| 219|0x00000000edb00000, 0x00000000edc00000, 0x00000000edc00000|100%| O|  |TAMS 0x00000000edc00000, 0x00000000edb00000| Untracked 
| 220|0x00000000edc00000, 0x00000000edd00000, 0x00000000edd00000|100%| O|  |TAMS 0x00000000edd00000, 0x00000000edc00000| Untracked 
| 221|0x00000000edd00000, 0x00000000ede00000, 0x00000000ede00000|100%| O|  |TAMS 0x00000000ede00000, 0x00000000edd00000| Untracked 
| 222|0x00000000ede00000, 0x00000000edf00000, 0x00000000edf00000|100%| O|  |TAMS 0x00000000edf00000, 0x00000000ede00000| Untracked 
| 223|0x00000000edf00000, 0x00000000ee000000, 0x00000000ee000000|100%| O|  |TAMS 0x00000000ee000000, 0x00000000edf00000| Untracked 
| 224|0x00000000ee000000, 0x00000000ee100000, 0x00000000ee100000|100%| O|  |TAMS 0x00000000ee100000, 0x00000000ee000000| Untracked 
| 225|0x00000000ee100000, 0x00000000ee200000, 0x00000000ee200000|100%| O|  |TAMS 0x00000000ee200000, 0x00000000ee100000| Untracked 
| 226|0x00000000ee200000, 0x00000000ee300000, 0x00000000ee300000|100%| O|  |TAMS 0x00000000ee300000, 0x00000000ee200000| Untracked 
| 227|0x00000000ee300000, 0x00000000ee400000, 0x00000000ee400000|100%| O|  |TAMS 0x00000000ee400000, 0x00000000ee300000| Untracked 
| 228|0x00000000ee400000, 0x00000000ee500000, 0x00000000ee500000|100%| O|  |TAMS 0x00000000ee500000, 0x00000000ee400000| Untracked 
| 229|0x00000000ee500000, 0x00000000ee600000, 0x00000000ee600000|100%| O|  |TAMS 0x00000000ee600000, 0x00000000ee500000| Untracked 
| 230|0x00000000ee600000, 0x00000000ee700000, 0x00000000ee700000|100%| O|  |TAMS 0x00000000ee700000, 0x00000000ee600000| Untracked 
| 231|0x00000000ee700000, 0x00000000ee800000, 0x00000000ee800000|100%| O|  |TAMS 0x00000000ee800000, 0x00000000ee700000| Untracked 
| 232|0x00000000ee800000, 0x00000000ee900000, 0x00000000ee900000|100%| O|  |TAMS 0x00000000ee900000, 0x00000000ee800000| Untracked 
| 233|0x00000000ee900000, 0x00000000eea00000, 0x00000000eea00000|100%| O|  |TAMS 0x00000000eea00000, 0x00000000ee900000| Untracked 
| 234|0x00000000eea00000, 0x00000000eeb00000, 0x00000000eeb00000|100%| O|  |TAMS 0x00000000eeb00000, 0x00000000eea00000| Untracked 
| 235|0x00000000eeb00000, 0x00000000eec00000, 0x00000000eec00000|100%| O|  |TAMS 0x00000000eec00000, 0x00000000eeb00000| Untracked 
| 236|0x00000000eec00000, 0x00000000eed00000, 0x00000000eed00000|100%| O|  |TAMS 0x00000000eed00000, 0x00000000eec00000| Untracked 
| 237|0x00000000eed00000, 0x00000000eee00000, 0x00000000eee00000|100%| O|  |TAMS 0x00000000eee00000, 0x00000000eed00000| Untracked 
| 238|0x00000000eee00000, 0x00000000eef00000, 0x00000000eef00000|100%| O|  |TAMS 0x00000000eef00000, 0x00000000eee00000| Untracked 
| 239|0x00000000eef00000, 0x00000000ef000000, 0x00000000ef000000|100%| O|  |TAMS 0x00000000ef000000, 0x00000000eef00000| Untracked 
| 240|0x00000000ef000000, 0x00000000ef100000, 0x00000000ef100000|100%| O|  |TAMS 0x00000000ef100000, 0x00000000ef000000| Untracked 
| 241|0x00000000ef100000, 0x00000000ef200000, 0x00000000ef200000|100%| O|  |TAMS 0x00000000ef200000, 0x00000000ef100000| Untracked 
| 242|0x00000000ef200000, 0x00000000ef300000, 0x00000000ef300000|100%| O|  |TAMS 0x00000000ef300000, 0x00000000ef200000| Untracked 
| 243|0x00000000ef300000, 0x00000000ef400000, 0x00000000ef400000|100%| O|  |TAMS 0x00000000ef400000, 0x00000000ef300000| Untracked 
| 244|0x00000000ef400000, 0x00000000ef500000, 0x00000000ef500000|100%| O|  |TAMS 0x00000000ef500000, 0x00000000ef400000| Untracked 
| 245|0x00000000ef500000, 0x00000000ef600000, 0x00000000ef600000|100%| O|  |TAMS 0x00000000ef600000, 0x00000000ef500000| Untracked 
| 246|0x00000000ef600000, 0x00000000ef700000, 0x00000000ef700000|100%| O|  |TAMS 0x00000000ef700000, 0x00000000ef600000| Untracked 
| 247|0x00000000ef700000, 0x00000000ef800000, 0x00000000ef800000|100%| O|  |TAMS 0x00000000ef800000, 0x00000000ef700000| Untracked 
| 248|0x00000000ef800000, 0x00000000ef900000, 0x00000000ef900000|100%| O|  |TAMS 0x00000000ef900000, 0x00000000ef800000| Untracked 
| 249|0x00000000ef900000, 0x00000000efa00000, 0x00000000efa00000|100%| O|  |TAMS 0x00000000efa00000, 0x00000000ef900000| Untracked 
| 250|0x00000000efa00000, 0x00000000efa00000, 0x00000000efb00000|  0%| F|  |TAMS 0x00000000efa00000, 0x00000000efa00000| Untracked 
| 251|0x00000000efb00000, 0x00000000efb00000, 0x00000000efc00000|  0%| F|  |TAMS 0x00000000efb00000, 0x00000000efb00000| Untracked 
| 252|0x00000000efc00000, 0x00000000efc00000, 0x00000000efd00000|  0%| F|  |TAMS 0x00000000efc00000, 0x00000000efc00000| Untracked 
| 253|0x00000000efd00000, 0x00000000efd00000, 0x00000000efe00000|  0%| F|  |TAMS 0x00000000efd00000, 0x00000000efd00000| Untracked 
| 254|0x00000000efe00000, 0x00000000efe00000, 0x00000000eff00000|  0%| F|  |TAMS 0x00000000efe00000, 0x00000000efe00000| Untracked 
| 255|0x00000000eff00000, 0x00000000eff00000, 0x00000000f0000000|  0%| F|  |TAMS 0x00000000eff00000, 0x00000000eff00000| Untracked 
| 256|0x00000000f0000000, 0x00000000f0000000, 0x00000000f0100000|  0%| F|  |TAMS 0x00000000f0000000, 0x00000000f0000000| Untracked 
| 257|0x00000000f0100000, 0x00000000f0100000, 0x00000000f0200000|  0%| F|  |TAMS 0x00000000f0100000, 0x00000000f0100000| Untracked 
| 258|0x00000000f0200000, 0x00000000f0200000, 0x00000000f0300000|  0%| F|  |TAMS 0x00000000f0200000, 0x00000000f0200000| Untracked 
| 259|0x00000000f0300000, 0x00000000f0300000, 0x00000000f0400000|  0%| F|  |TAMS 0x00000000f0300000, 0x00000000f0300000| Untracked 
| 260|0x00000000f0400000, 0x00000000f0400000, 0x00000000f0500000|  0%| F|  |TAMS 0x00000000f0400000, 0x00000000f0400000| Untracked 
| 261|0x00000000f0500000, 0x00000000f0500000, 0x00000000f0600000|  0%| F|  |TAMS 0x00000000f0500000, 0x00000000f0500000| Untracked 
| 262|0x00000000f0600000, 0x00000000f0600000, 0x00000000f0700000|  0%| F|  |TAMS 0x00000000f0600000, 0x00000000f0600000| Untracked 
| 263|0x00000000f0700000, 0x00000000f0700000, 0x00000000f0800000|  0%| F|  |TAMS 0x00000000f0700000, 0x00000000f0700000| Untracked 
| 264|0x00000000f0800000, 0x00000000f0800000, 0x00000000f0900000|  0%| F|  |TAMS 0x00000000f0800000, 0x00000000f0800000| Untracked 
| 265|0x00000000f0900000, 0x00000000f0900000, 0x00000000f0a00000|  0%| F|  |TAMS 0x00000000f0900000, 0x00000000f0900000| Untracked 
| 266|0x00000000f0a00000, 0x00000000f0a00000, 0x00000000f0b00000|  0%| F|  |TAMS 0x00000000f0a00000, 0x00000000f0a00000| Untracked 
| 267|0x00000000f0b00000, 0x00000000f0b00000, 0x00000000f0c00000|  0%| F|  |TAMS 0x00000000f0b00000, 0x00000000f0b00000| Untracked 
| 268|0x00000000f0c00000, 0x00000000f0c00000, 0x00000000f0d00000|  0%| F|  |TAMS 0x00000000f0c00000, 0x00000000f0c00000| Untracked 
| 269|0x00000000f0d00000, 0x00000000f0d00000, 0x00000000f0e00000|  0%| F|  |TAMS 0x00000000f0d00000, 0x00000000f0d00000| Untracked 
| 270|0x00000000f0e00000, 0x00000000f0e00000, 0x00000000f0f00000|  0%| F|  |TAMS 0x00000000f0e00000, 0x00000000f0e00000| Untracked 
| 271|0x00000000f0f00000, 0x00000000f0f00000, 0x00000000f1000000|  0%| F|  |TAMS 0x00000000f0f00000, 0x00000000f0f00000| Untracked 
| 272|0x00000000f1000000, 0x00000000f1000000, 0x00000000f1100000|  0%| F|  |TAMS 0x00000000f1000000, 0x00000000f1000000| Untracked 
| 273|0x00000000f1100000, 0x00000000f1100000, 0x00000000f1200000|  0%| F|  |TAMS 0x00000000f1100000, 0x00000000f1100000| Untracked 
| 274|0x00000000f1200000, 0x00000000f1200000, 0x00000000f1300000|  0%| F|  |TAMS 0x00000000f1200000, 0x00000000f1200000| Untracked 
| 275|0x00000000f1300000, 0x00000000f1300000, 0x00000000f1400000|  0%| F|  |TAMS 0x00000000f1300000, 0x00000000f1300000| Untracked 
| 276|0x00000000f1400000, 0x00000000f1400000, 0x00000000f1500000|  0%| F|  |TAMS 0x00000000f1400000, 0x00000000f1400000| Untracked 
| 277|0x00000000f1500000, 0x00000000f1500000, 0x00000000f1600000|  0%| F|  |TAMS 0x00000000f1500000, 0x00000000f1500000| Untracked 
| 278|0x00000000f1600000, 0x00000000f1600000, 0x00000000f1700000|  0%| F|  |TAMS 0x00000000f1600000, 0x00000000f1600000| Untracked 
| 279|0x00000000f1700000, 0x00000000f1782f20, 0x00000000f1800000| 51%| E|  |TAMS 0x00000000f1700000, 0x00000000f1700000| Complete 
| 280|0x00000000f1800000, 0x00000000f1900000, 0x00000000f1900000|100%| E|CS|TAMS 0x00000000f1800000, 0x00000000f1800000| Complete 

Card table byte_map: [0x00007f0e585f4000,0x00007f0e586f4000] _byte_map_base: 0x00007f0e57ef4000

Marking Bits (Prev, Next): (CMBitMap*) 0x00007f0e54054458, (CMBitMap*) 0x00007f0e54054490
 Prev Bits: [0x00007f0e41e00000, 0x00007f0e42600000)
 Next Bits: [0x00007f0e41600000, 0x00007f0e41e00000)

Polling page: 0x00007f0e5be98000

Metaspace:

Usage:
  Non-class:     28,18 MB capacity,    27,90 MB ( 99%) used,   226,26 KB ( <1%) free+waste,    62,50 KB ( <1%) overhead. 
      Class:      3,32 MB capacity,     3,15 MB ( 95%) used,   149,48 KB (  4%) free+waste,    24,88 KB ( <1%) overhead. 
       Both:     31,50 MB capacity,    31,05 MB ( 99%) used,   375,73 KB (  1%) free+waste,    87,38 KB ( <1%) overhead. 

Virtual space:
  Non-class space:       30,00 MB reserved,      28,50 MB ( 95%) committed 
      Class space:        1,00 GB reserved,       3,38 MB ( <1%) committed 
             Both:        1,03 GB reserved,      31,88 MB (  3%) committed 

Chunk freelists:
   Non-Class:  131,00 KB
       Class:  59,00 KB
        Both:  190,00 KB

MaxMetaspaceSize: unlimited
CompressedClassSpaceSize: 1,00 GB
Initial GC threshold: 20,80 MB
Current GC threshold: 53,12 MB
CDS: off

CodeHeap 'non-profiled nmethods': size=119172Kb used=8920Kb max_used=9299Kb free=110252Kb
 bounds [0x00007f0e4a19f000, 0x00007f0e4aabf000, 0x00007f0e51600000]
CodeHeap 'profiled nmethods': size=119168Kb used=14563Kb max_used=16547Kb free=104604Kb
 bounds [0x00007f0e42d3f000, 0x00007f0e43d6f000, 0x00007f0e4a19f000]
CodeHeap 'non-nmethods': size=7420Kb used=1249Kb max_used=2989Kb free=6171Kb
 bounds [0x00007f0e42600000, 0x00007f0e428f0000, 0x00007f0e42d3f000]
 total_blobs=7366 nmethods=6839 adapters=439
 compilation: enabled
              stopped_count=0, restarted_count=0
 full_count=0

Compilation events (20 events):
Event: 3046,836 Thread 0x00007f0e54149000 nmethod 7551 0x00007f0e43060f10 code [0x00007f0e43061100, 0x00007f0e43061690]
Event: 3046,836 Thread 0x00007f0e54149000 7552       3       java.time.Instant::create (49 bytes)
Event: 3046,836 Thread 0x00007f0e54149000 nmethod 7552 0x00007f0e42e11090 code [0x00007f0e42e11260, 0x00007f0e42e115c0]
Event: 3046,846 Thread 0x00007f0e54144800 nmethod 7548 0x00007f0e4a4bfc90 code [0x00007f0e4a4bff00, 0x00007f0e4a4c0920]
Event: 3046,846 Thread 0x00007f0e54144800 7553       4       org.languagetool.SimpleInputSentence::hashCode (22 bytes)
Event: 3046,848 Thread 0x00007f0e54144800 nmethod 7553 0x00007f0e4a2c2290 code [0x00007f0e4a2c2440, 0x00007f0e4a2c25d8]
Event: 3046,857 Thread 0x00007f0e54144800 7554   !   4       com.google.common.cache.LocalCache$Segment::runLockedCleanup (39 bytes)
Event: 3046,867 Thread 0x00007f0e54144800 nmethod 7554 0x00007f0e4a38e810 code [0x00007f0e4a38ea80, 0x00007f0e4a38f2a0]
Event: 3046,867 Thread 0x00007f0e54144800 7555       4       com.google.common.cache.LocalCache$Segment::expireEntries (113 bytes)
Event: 3046,872 Thread 0x00007f0e54144800 nmethod 7555 0x00007f0e4a1c9c90 code [0x00007f0e4a1c9ec0, 0x00007f0e4a1ca2a0]
Event: 3046,903 Thread 0x00007f0e54144800 7556       4       com.google.common.cache.LocalCache$Segment::setValue (82 bytes)
Event: 3046,913 Thread 0x00007f0e54144800 nmethod 7556 0x00007f0e4a29c310 code [0x00007f0e4a29c560, 0x00007f0e4a29d1b8]
Event: 3046,913 Thread 0x00007f0e54144800 7557       4       com.google.common.cache.LocalCache$Segment::evictEntries (106 bytes)
Event: 3046,955 Thread 0x00007f0e54144800 nmethod 7557 0x00007f0e4a34f410 code [0x00007f0e4a34f740, 0x00007f0e4a351538]
Event: 3068,185 Thread 0x00007f0e54149000 7558       3       java.time.LocalTime::ofNanoOfDay (68 bytes)
Event: 3068,186 Thread 0x00007f0e54149000 nmethod 7558 0x00007f0e42d5c590 code [0x00007f0e42d5c7c0, 0x00007f0e42d5cef0]
Event: 3068,186 Thread 0x00007f0e54149000 7559       3       java.time.LocalTime::create (26 bytes)
Event: 3068,186 Thread 0x00007f0e54149000 nmethod 7559 0x00007f0e42d55c10 code [0x00007f0e42d55de0, 0x00007f0e42d56070]
Event: 3068,476 Thread 0x00007f0e54149000 7560       3       java.lang.invoke.DirectMethodHandle$Holder::invokeStatic (18 bytes)
Event: 3068,477 Thread 0x00007f0e54149000 nmethod 7560 0x00007f0e4314d610 code [0x00007f0e4314d7e0, 0x00007f0e4314dd30]

GC Heap History (20 events):
Event: 3067,520 GC heap before
{Heap before GC invocations=9747 (full 0):
 garbage-first heap   total 287744K, used 255355K [0x00000000e0000000, 0x0000000100000000)
  region size 1024K, 94 young (96256K), 1 survivors (1024K)
 Metaspace       used 31792K, capacity 32258K, committed 32640K, reserved 1079296K
  class space    used 3222K, capacity 3397K, committed 3456K, reserved 1048576K
}
Event: 3067,521 GC heap after
{Heap after GC invocations=9748 (full 0):
 garbage-first heap   total 287744K, used 160142K [0x00000000e0000000, 0x0000000100000000)
  region size 1024K, 1 young (1024K), 1 survivors (1024K)
 Metaspace       used 31792K, capacity 32258K, committed 32640K, reserved 1079296K
  class space    used 3222K, capacity 3397K, committed 3456K, reserved 1048576K
}
Event: 3067,596 GC heap before
{Heap before GC invocations=9748 (full 0):
 garbage-first heap   total 287744K, used 255374K [0x00000000e0000000, 0x0000000100000000)
  region size 1024K, 94 young (96256K), 1 survivors (1024K)
 Metaspace       used 31792K, capacity 32258K, committed 32640K, reserved 1079296K
  class space    used 3222K, capacity 3397K, committed 3456K, reserved 1048576K
}
Event: 3067,597 GC heap after
{Heap after GC invocations=9749 (full 0):
 garbage-first heap   total 287744K, used 160157K [0x00000000e0000000, 0x0000000100000000)
  region size 1024K, 1 young (1024K), 1 survivors (1024K)
 Metaspace       used 31792K, capacity 32258K, committed 32640K, reserved 1079296K
  class space    used 3222K, capacity 3397K, committed 3456K, reserved 1048576K
}
Event: 3067,679 GC heap before
{Heap before GC invocations=9749 (full 0):
 garbage-first heap   total 287744K, used 255389K [0x00000000e0000000, 0x0000000100000000)
  region size 1024K, 94 young (96256K), 1 survivors (1024K)
 Metaspace       used 31792K, capacity 32258K, committed 32640K, reserved 1079296K
  class space    used 3222K, capacity 3397K, committed 3456K, reserved 1048576K
}
Event: 3067,680 GC heap after
{Heap after GC invocations=9750 (full 0):
 garbage-first heap   total 287744K, used 160179K [0x00000000e0000000, 0x0000000100000000)
  region size 1024K, 1 young (1024K), 1 survivors (1024K)
 Metaspace       used 31792K, capacity 32258K, committed 32640K, reserved 1079296K
  class space    used 3222K, capacity 3397K, committed 3456K, reserved 1048576K
}
Event: 3067,755 GC heap before
{Heap before GC invocations=9751 (full 0):
 garbage-first heap   total 287744K, used 255411K [0x00000000e0000000, 0x0000000100000000)
  region size 1024K, 94 young (96256K), 1 survivors (1024K)
 Metaspace       used 31792K, capacity 32258K, committed 32640K, reserved 1079296K
  class space    used 3222K, capacity 3397K, committed 3456K, reserved 1048576K
}
Event: 3067,756 GC heap after
{Heap after GC invocations=9752 (full 0):
 garbage-first heap   total 287744K, used 160212K [0x00000000e0000000, 0x0000000100000000)
  region size 1024K, 1 young (1024K), 1 survivors (1024K)
 Metaspace       used 31792K, capacity 32258K, committed 32640K, reserved 1079296K
  class space    used 3222K, capacity 3397K, committed 3456K, reserved 1048576K
}
Event: 3067,836 GC heap before
{Heap before GC invocations=9752 (full 0):
 garbage-first heap   total 287744K, used 255444K [0x00000000e0000000, 0x0000000100000000)
  region size 1024K, 94 young (96256K), 1 survivors (1024K)
 Metaspace       used 31792K, capacity 32258K, committed 32640K, reserved 1079296K
  class space    used 3222K, capacity 3397K, committed 3456K, reserved 1048576K
}
Event: 3067,838 GC heap after
{Heap after GC invocations=9753 (full 0):
 garbage-first heap   total 287744K, used 160294K [0x00000000e0000000, 0x0000000100000000)
  region size 1024K, 1 young (1024K), 1 survivors (1024K)
 Metaspace       used 31792K, capacity 32258K, committed 32640K, reserved 1079296K
  class space    used 3222K, capacity 3397K, committed 3456K, reserved 1048576K
}
Event: 3067,955 GC heap before
{Heap before GC invocations=9754 (full 0):
 garbage-first heap   total 287744K, used 255526K [0x00000000e0000000, 0x0000000100000000)
  region size 1024K, 94 young (96256K), 1 survivors (1024K)
 Metaspace       used 31792K, capacity 32258K, committed 32640K, reserved 1079296K
  class space    used 3222K, capacity 3397K, committed 3456K, reserved 1048576K
}
Event: 3067,956 GC heap after
{Heap after GC invocations=9755 (full 0):
 garbage-first heap   total 287744K, used 160182K [0x00000000e0000000, 0x0000000100000000)
  region size 1024K, 1 young (1024K), 1 survivors (1024K)
 Metaspace       used 31792K, capacity 32258K, committed 32640K, reserved 1079296K
  class space    used 3222K, capacity 3397K, committed 3456K, reserved 1048576K
}
Event: 3067,969 GC heap before
{Heap before GC invocations=9755 (full 0):
 garbage-first heap   total 287744K, used 173494K [0x00000000e0000000, 0x0000000100000000)
  region size 1024K, 14 young (14336K), 1 survivors (1024K)
 Metaspace       used 31792K, capacity 32258K, committed 32640K, reserved 1079296K
  class space    used 3222K, capacity 3397K, committed 3456K, reserved 1048576K
}
Event: 3067,971 GC heap after
{Heap after GC invocations=9756 (full 0):
 garbage-first heap   total 287744K, used 156346K [0x00000000e0000000, 0x0000000100000000)
  region size 1024K, 1 young (1024K), 1 survivors (1024K)
 Metaspace       used 31792K, capacity 32258K, committed 32640K, reserved 1079296K
  class space    used 3222K, capacity 3397K, committed 3456K, reserved 1048576K
}
Event: 3068,063 GC heap before
{Heap before GC invocations=9756 (full 0):
 garbage-first heap   total 287744K, used 253626K [0x00000000e0000000, 0x0000000100000000)
  region size 1024K, 96 young (98304K), 1 survivors (1024K)
 Metaspace       used 31792K, capacity 32258K, committed 32640K, reserved 1079296K
  class space    used 3222K, capacity 3397K, committed 3456K, reserved 1048576K
}
Event: 3068,064 GC heap after
{Heap after GC invocations=9757 (full 0):
 garbage-first heap   total 287744K, used 156573K [0x00000000e0000000, 0x0000000100000000)
  region size 1024K, 1 young (1024K), 1 survivors (1024K)
 Metaspace       used 31792K, capacity 32258K, committed 32640K, reserved 1079296K
  class space    used 3222K, capacity 3397K, committed 3456K, reserved 1048576K
}
Event: 3068,148 GC heap before
{Heap before GC invocations=9757 (full 0):
 garbage-first heap   total 287744K, used 253853K [0x00000000e0000000, 0x0000000100000000)
  region size 1024K, 96 young (98304K), 1 survivors (1024K)
 Metaspace       used 31792K, capacity 32258K, committed 32640K, reserved 1079296K
  class space    used 3222K, capacity 3397K, committed 3456K, reserved 1048576K
}
Event: 3068,149 GC heap after
{Heap after GC invocations=9758 (full 0):
 garbage-first heap   total 287744K, used 156613K [0x00000000e0000000, 0x0000000100000000)
  region size 1024K, 1 young (1024K), 1 survivors (1024K)
 Metaspace       used 31792K, capacity 32258K, committed 32640K, reserved 1079296K
  class space    used 3222K, capacity 3397K, committed 3456K, reserved 1048576K
}
Event: 3068,189 GC heap before
{Heap before GC invocations=9758 (full 0):
 garbage-first heap   total 287744K, used 198597K [0x00000000e0000000, 0x0000000100000000)
  region size 1024K, 43 young (44032K), 1 survivors (1024K)
 Metaspace       used 31794K, capacity 32258K, committed 32640K, reserved 1079296K
  class space    used 3222K, capacity 3397K, committed 3456K, reserved 1048576K
}
Event: 3068,190 GC heap after
{Heap after GC invocations=9759 (full 0):
 garbage-first heap   total 287744K, used 157566K [0x00000000e0000000, 0x0000000100000000)
  region size 1024K, 2 young (2048K), 2 survivors (2048K)
 Metaspace       used 31794K, capacity 32258K, committed 32640K, reserved 1079296K
  class space    used 3222K, capacity 3397K, committed 3456K, reserved 1048576K
}

Deoptimization events (20 events):
Event: 2772,262 Thread 0x00007f0dd4025800 Uncommon trap: trap_request=0xffffffbe fr.pc=0x00007f0e4aa94580 relative=0x0000000000005100
Event: 2772,262 Thread 0x00007f0dd4025800 Uncommon trap: reason=profile_predicate action=maybe_recompile pc=0x00007f0e4aa94580 method=com.vladsch.flexmark.parser.internal.DocumentParser.findBlockStart(Lcom/vladsch/flexmark/parser/block/BlockParser;)Lcom/vladsch/flexmark/parser/internal/BlockStart
Event: 2772,262 Thread 0x00007f0dd4025800 DEOPT PACKING pc=0x00007f0e4aa94580 sp=0x00007f0df29fdf90
Event: 2772,262 Thread 0x00007f0dd4025800 DEOPT UNPACKING pc=0x00007f0e42649ea5 sp=0x00007f0df29fdee8 mode 2
Event: 2806,714 Thread 0x00007f0dd4025800 DEOPT PACKING pc=0x00007f0e43d5bfdb sp=0x00007f0df29fe400
Event: 2806,714 Thread 0x00007f0dd4025800 DEOPT UNPACKING pc=0x00007f0e4264a64a sp=0x00007f0df29fd988 mode 0
Event: 2852,237 Thread 0x00007f0dd4025800 Uncommon trap: trap_request=0xffffff4d fr.pc=0x00007f0e4aa4a28c relative=0x0000000000001a6c
Event: 2852,237 Thread 0x00007f0dd4025800 Uncommon trap: reason=unstable_if action=reinterpret pc=0x00007f0e4aa4a28c method=java.util.TimSort.mergeHi(IIII)V @ 568 c2
Event: 2852,237 Thread 0x00007f0dd4025800 DEOPT PACKING pc=0x00007f0e4aa4a28c sp=0x00007f0df29fdc20
Event: 2852,237 Thread 0x00007f0dd4025800 DEOPT UNPACKING pc=0x00007f0e42649ea5 sp=0x00007f0df29fdbf8 mode 2
Event: 2852,342 Thread 0x00007f0dd4025800 DEOPT PACKING pc=0x00007f0e430d1bbc sp=0x00007f0df29fdbd0
Event: 2852,342 Thread 0x00007f0dd4025800 DEOPT UNPACKING pc=0x00007f0e4264a64a sp=0x00007f0df29fd0e0 mode 0
Event: 2852,411 Thread 0x00007f0dd4025800 DEOPT PACKING pc=0x00007f0e430d1bbc sp=0x00007f0df29fdbd0
Event: 2852,411 Thread 0x00007f0dd4025800 DEOPT UNPACKING pc=0x00007f0e4264a64a sp=0x00007f0df29fd0e0 mode 0
Event: 2852,482 Thread 0x00007f0dd4025800 DEOPT PACKING pc=0x00007f0e430d1bbc sp=0x00007f0df29fdbd0
Event: 2852,482 Thread 0x00007f0dd4025800 DEOPT UNPACKING pc=0x00007f0e4264a64a sp=0x00007f0df29fd0e0 mode 0
Event: 2852,527 Thread 0x00007f0dd4025800 DEOPT PACKING pc=0x00007f0e430d1bbc sp=0x00007f0df29fdbd0
Event: 2852,527 Thread 0x00007f0dd4025800 DEOPT UNPACKING pc=0x00007f0e4264a64a sp=0x00007f0df29fd0e0 mode 0
Event: 2873,826 Thread 0x00007f0dd4025800 DEOPT PACKING pc=0x00007f0e43d46dac sp=0x00007f0df29fd8c0
Event: 2873,826 Thread 0x00007f0dd4025800 DEOPT UNPACKING pc=0x00007f0e4264a64a sp=0x00007f0df29fceb0 mode 0


[error occurred during error reporting (printing ring buffers), id 0x7, SIGBUS (0x7) at pc=0x00007f0e5ab89ad0]

Dynamic libraries:
e0000000-f1900000 rw-p 00000000 00:00 0 
f1900000-100000000 ---p 00000000 00:00 0 
100000000-100360000 rw-p 00000000 00:00 0 
100360000-140000000 ---p 00000000 00:00 0 
55d18d400000-55d18d401000 r-xp 00000000 103:01 6058788                   /home/daizan/.vscode/extensions/valentjn.vscode-ltex-13.1.0/lib/ltex-ls-15.2.0/jdk-11.0.12+7/bin/java
55d18d601000-55d18d602000 r--p 00001000 103:01 6058788                   /home/daizan/.vscode/extensions/valentjn.vscode-ltex-13.1.0/lib/ltex-ls-15.2.0/jdk-11.0.12+7/bin/java
55d18d602000-55d18d603000 rw-p 00002000 103:01 6058788                   /home/daizan/.vscode/extensions/valentjn.vscode-ltex-13.1.0/lib/ltex-ls-15.2.0/jdk-11.0.12+7/bin/java
55d1badce000-55d1bae10000 rw-p 00000000 00:00 0                          [heap]
7f0d98000000-7f0d98761000 rw-p 00000000 00:00 0 
7f0d98761000-7f0d9c000000 ---p 00000000 00:00 0 
7f0d9c000000-7f0d9c021000 rw-p 00000000 00:00 0 
7f0d9c021000-7f0da0000000 ---p 00000000 00:00 0 
7f0da0000000-7f0da0021000 rw-p 00000000 00:00 0 
7f0da0021000-7f0da4000000 ---p 00000000 00:00 0 
7f0da4000000-7f0da4770000 rw-p 00000000 00:00 0 
7f0da4770000-7f0da8000000 ---p 00000000 00:00 0 
7f0da8000000-7f0da8036000 rw-p 00000000 00:00 0 
7f0da8036000-7f0dac000000 ---p 00000000 00:00 0 
7f0dac000000-7f0dac040000 rw-p 00000000 00:00 0 
7f0dac040000-7f0db0000000 ---p 00000000 00:00 0 
7f0db0000000-7f0db0440000 rw-p 00000000 00:00 0 
7f0db0440000-7f0db4000000 ---p 00000000 00:00 0 
7f0db4000000-7f0db4028000 rw-p 00000000 00:00 0 
7f0db4028000-7f0db8000000 ---p 00000000 00:00 0 
7f0db8000000-7f0db8021000 rw-p 00000000 00:00 0 
7f0db8021000-7f0dbc000000 ---p 00000000 00:00 0 
7f0dbc000000-7f0dbc021000 rw-p 00000000 00:00 0 
7f0dbc021000-7f0dc0000000 ---p 00000000 00:00 0 
7f0dc0000000-7f0dc0021000 rw-p 00000000 00:00 0 
7f0dc0021000-7f0dc4000000 ---p 00000000 00:00 0 
7f0dc4000000-7f0dc4021000 rw-p 00000000 00:00 0 
7f0dc4021000-7f0dc8000000 ---p 00000000 00:00 0 
7f0dc8000000-7f0dc806a000 rw-p 00000000 00:00 0 
7f0dc806a000-7f0dcc000000 ---p 00000000 00:00 0 
7f0dcc000000-7f0dcc05c000 rw-p 00000000 00:00 0 
7f0dcc05c000-7f0dd0000000 ---p 00000000 00:00 0 
7f0dd0000000-7f0dd0dd5000 rw-p 00000000 00:00 0 
7f0dd0dd5000-7f0dd4000000 ---p 00000000 00:00 0 
7f0dd4000000-7f0dd539a000 rw-p 00000000 00:00 0 
7f0dd539a000-7f0dd8000000 ---p 00000000 00:00 0 
7f0dd8000000-7f0dd934e000 rw-p 00000000 00:00 0 
7f0dd934e000-7f0ddc000000 ---p 00000000 00:00 0 
7f0ddc000000-7f0ddcfea000 rw-p 00000000 00:00 0 
7f0ddcfea000-7f0de0000000 ---p 00000000 00:00 0 
7f0de0000000-7f0de1529000 rw-p 00000000 00:00 0 
7f0de1529000-7f0de4000000 ---p 00000000 00:00 0 
7f0de4000000-7f0de5557000 rw-p 00000000 00:00 0 
7f0de5557000-7f0de8000000 ---p 00000000 00:00 0 
7f0de8000000-7f0de90eb000 rw-p 00000000 00:00 0 
7f0de90eb000-7f0dec000000 ---p 00000000 00:00 0 
7f0dec000000-7f0dec046000 rw-p 00000000 00:00 0 
7f0dec046000-7f0df0000000 ---p 00000000 00:00 0 
7f0df16fa000-7f0df16fb000 ---p 00000000 00:00 0 
7f0df16fb000-7f0df17fc000 rw-p 00000000 00:00 0 
7f0df17fc000-7f0df17fd000 ---p 00000000 00:00 0 
7f0df17fd000-7f0df18fe000 rw-p 00000000 00:00 0 
7f0df18fe000-7f0df18ff000 ---p 00000000 00:00 0 
7f0df18ff000-7f0df1a00000 rw-p 00000000 00:00 0 
7f0df1a00000-7f0df1a80000 rw-p 00000000 00:00 0 
7f0df1a80000-7f0df1c00000 ---p 00000000 00:00 0 
7f0df1c00000-7f0df1e00000 rw-p 00000000 00:00 0 
7f0df1ef6000-7f0df1ef7000 ---p 00000000 00:00 0 
7f0df1ef7000-7f0df1ff8000 rw-p 00000000 00:00 0 
7f0df1ff8000-7f0df1ff9000 ---p 00000000 00:00 0 
7f0df1ff9000-7f0df20fa000 rw-p 00000000 00:00 0 
7f0df20fa000-7f0df20fb000 ---p 00000000 00:00 0 
7f0df20fb000-7f0df21fc000 rw-p 00000000 00:00 0 
7f0df21fc000-7f0df21fd000 ---p 00000000 00:00 0 
7f0df21fd000-7f0df22fe000 rw-p 00000000 00:00 0 
7f0df22fe000-7f0df22ff000 ---p 00000000 00:00 0 
7f0df22ff000-7f0df2400000 rw-p 00000000 00:00 0 
7f0df2400000-7f0df2600000 rw-p 00000000 00:00 0 
7f0df2600000-7f0df2800000 rw-p 00000000 00:00 0 
7f0df2800000-7f0df2804000 ---p 00000000 00:00 0 
7f0df2804000-7f0df2900000 rw-p 00000000 00:00 0 
7f0df2900000-7f0df2904000 ---p 00000000 00:00 0 
7f0df2904000-7f0df2a00000 rw-p 00000000 00:00 0 
7f0df2a00000-7f0df2c00000 rw-p 00000000 00:00 0 
7f0df2cf4000-7f0df2cf5000 ---p 00000000 00:00 0 
7f0df2cf5000-7f0df2df6000 rw-p 00000000 00:00 0 
7f0df2df6000-7f0df2df7000 ---p 00000000 00:00 0 
7f0df2df7000-7f0df2ef8000 rw-p 00000000 00:00 0 
7f0df2ef8000-7f0df2ef9000 ---p 00000000 00:00 0 
7f0df2ef9000-7f0df2ffa000 rw-p 00000000 00:00 0 
7f0df2ffa000-7f0df2ffb000 ---p 00000000 00:00 0 
7f0df2ffb000-7f0df30fc000 rw-p 00000000 00:00 0 
7f0df30fc000-7f0df30fd000 ---p 00000000 00:00 0 
7f0df30fd000-7f0df31fe000 rw-p 00000000 00:00 0 
7f0df31fe000-7f0df31ff000 ---p 00000000 00:00 0 
7f0df31ff000-7f0df3300000 rw-p 00000000 00:00 0 
7f0df3300000-7f0df3304000 ---p 00000000 00:00 0 
7f0df3304000-7f0df3400000 rw-p 00000000 00:00 0 
7f0df3400000-7f0df3404000 ---p 00000000 00:00 0 
7f0df3404000-7f0df3500000 rw-p 00000000 00:00 0 
7f0df3500000-7f0df3504000 ---p 00000000 00:00 0 
7f0df3504000-7f0df3600000 rw-p 00000000 00:00 0 
7f0df3600000-7f0df3800000 rw-p 00000000 00:00 0 
7f0df3800000-7f0df3804000 ---p 00000000 00:00 0 
7f0df3804000-7f0df3900000 rw-p 00000000 00:00 0 
7f0df3900000-7f0df3904000 ---p 00000000 00:00 0 
7f0df3904000-7f0df3a00000 rw-p 00000000 00:00 0 
7f0df3a00000-7f0df3c00000 rw-p 00000000 00:00 0 
7f0df3c00000-7f0df3e00000 rw-p 00000000 00:00 0 
7f0df3e00000-7f0df4000000 rw-p 00000000 00:00 0 
7f0df4000000-7f0df57e4000 rw-p 00000000 00:00 0 
7f0df57e4000-7f0df8000000 ---p 00000000 00:00 0 
7f0df8000000-7f0df8d6b000 rw-p 00000000 00:00 0 
7f0df8d6b000-7f0dfc000000 ---p 00000000 00:00 0 
7f0dfc000000-7f0dfc021000 rw-p 00000000 00:00 0 
7f0dfc021000-7f0e00000000 ---p 00000000 00:00 0 
7f0e00000000-7f0e00021000 rw-p 00000000 00:00 0 
7f0e00021000-7f0e04000000 ---p 00000000 00:00 0 
7f0e04000000-7f0e04021000 rw-p 00000000 00:00 0 
7f0e04021000-7f0e08000000 ---p 00000000 00:00 0 
7f0e08000000-7f0e08bf7000 rw-p 00000000 00:00 0 
7f0e08bf7000-7f0e0c000000 ---p 00000000 00:00 0 
7f0e0c000000-7f0e0dfc0000 rw-p 00000000 00:00 0 
7f0e0dfc0000-7f0e10000000 ---p 00000000 00:00 0 
7f0e10000000-7f0e103b2000 rw-p 00000000 00:00 0 
7f0e103b2000-7f0e14000000 ---p 00000000 00:00 0 
7f0e14000000-7f0e14021000 rw-p 00000000 00:00 0 
7f0e14021000-7f0e18000000 ---p 00000000 00:00 0 
7f0e18000000-7f0e18021000 rw-p 00000000 00:00 0 
7f0e18021000-7f0e1c000000 ---p 00000000 00:00 0 
7f0e1c000000-7f0e1c021000 rw-p 00000000 00:00 0 
7f0e1c021000-7f0e20000000 ---p 00000000 00:00 0 
7f0e20000000-7f0e20021000 rw-p 00000000 00:00 0 
7f0e20021000-7f0e24000000 ---p 00000000 00:00 0 
7f0e24000000-7f0e24021000 rw-p 00000000 00:00 0 
7f0e24021000-7f0e28000000 ---p 00000000 00:00 0 
7f0e28000000-7f0e28091000 rw-p 00000000 00:00 0 
7f0e28091000-7f0e2c000000 ---p 00000000 00:00 0 
7f0e2c000000-7f0e2c021000 rw-p 00000000 00:00 0 
7f0e2c021000-7f0e30000000 ---p 00000000 00:00 0 
7f0e300fe000-7f0e30102000 ---p 00000000 00:00 0 
7f0e30102000-7f0e301fe000 rw-p 00000000 00:00 0 
7f0e301fe000-7f0e30202000 ---p 00000000 00:00 0 
7f0e30202000-7f0e302fe000 rw-p 00000000 00:00 0 
7f0e302fe000-7f0e302ff000 ---p 00000000 00:00 0 
7f0e302ff000-7f0e30400000 rw-p 00000000 00:00 0 
7f0e30400000-7f0e30600000 rw-p 00000000 00:00 0 
7f0e30600000-7f0e30800000 rw-p 00000000 00:00 0 
7f0e30800000-7f0e30803000 r-xp 00000000 00:24 87                         /tmp/jansi-2.4.0-f2c3d318822146d5-libjansi.so
7f0e30803000-7f0e30a02000 ---p 00003000 00:24 87                         /tmp/jansi-2.4.0-f2c3d318822146d5-libjansi.so
7f0e30a02000-7f0e30a03000 rw-p 00002000 00:24 87                         /tmp/jansi-2.4.0-f2c3d318822146d5-libjansi.so
7f0e30b00000-7f0e30b04000 ---p 00000000 00:00 0 
7f0e30b04000-7f0e30c00000 rw-p 00000000 00:00 0 
7f0e30c00000-7f0e30c16000 r-xp 00000000 103:01 6059562                   /home/daizan/.vscode/extensions/valentjn.vscode-ltex-13.1.0/lib/ltex-ls-15.2.0/jdk-11.0.12+7/lib/libnet.so
7f0e30c16000-7f0e30e15000 ---p 00016000 103:01 6059562                   /home/daizan/.vscode/extensions/valentjn.vscode-ltex-13.1.0/lib/ltex-ls-15.2.0/jdk-11.0.12+7/lib/libnet.so
7f0e30e15000-7f0e30e16000 r--p 00015000 103:01 6059562                   /home/daizan/.vscode/extensions/valentjn.vscode-ltex-13.1.0/lib/ltex-ls-15.2.0/jdk-11.0.12+7/lib/libnet.so
7f0e30e16000-7f0e30e17000 rw-p 00016000 103:01 6059562                   /home/daizan/.vscode/extensions/valentjn.vscode-ltex-13.1.0/lib/ltex-ls-15.2.0/jdk-11.0.12+7/lib/libnet.so
7f0e30f00000-7f0e30f04000 ---p 00000000 00:00 0 
7f0e30f04000-7f0e31000000 rw-p 00000000 00:00 0 
7f0e31000000-7f0e3100f000 r-xp 00000000 103:01 6059565                   /home/daizan/.vscode/extensions/valentjn.vscode-ltex-13.1.0/lib/ltex-ls-15.2.0/jdk-11.0.12+7/lib/libnio.so
7f0e3100f000-7f0e3120f000 ---p 0000f000 103:01 6059565                   /home/daizan/.vscode/extensions/valentjn.vscode-ltex-13.1.0/lib/ltex-ls-15.2.0/jdk-11.0.12+7/lib/libnio.so
7f0e3120f000-7f0e31210000 r--p 0000f000 103:01 6059565                   /home/daizan/.vscode/extensions/valentjn.vscode-ltex-13.1.0/lib/ltex-ls-15.2.0/jdk-11.0.12+7/lib/libnio.so
7f0e31210000-7f0e31211000 rw-p 00010000 103:01 6059565                   /home/daizan/.vscode/extensions/valentjn.vscode-ltex-13.1.0/lib/ltex-ls-15.2.0/jdk-11.0.12+7/lib/libnio.so
7f0e312fe000-7f0e31302000 ---p 00000000 00:00 0 
7f0e31302000-7f0e313fe000 rw-p 00000000 00:00 0 
7f0e313fe000-7f0e313ff000 ---p 00000000 00:00 0 
7f0e313ff000-7f0e31500000 rw-p 00000000 00:00 0 
7f0e31500000-7f0e31504000 ---p 00000000 00:00 0 
7f0e31504000-7f0e31600000 rw-p 00000000 00:00 0 
7f0e31600000-7f0e31604000 ---p 00000000 00:00 0 
7f0e31604000-7f0e31700000 rw-p 00000000 00:00 0 
7f0e31700000-7f0e31704000 ---p 00000000 00:00 0 
7f0e31704000-7f0e31800000 rw-p 00000000 00:00 0 
7f0e31800000-7f0e32000000 rw-p 00000000 00:00 0 
7f0e32000000-7f0e34021000 rw-p 00000000 00:00 0 
7f0e34021000-7f0e38000000 ---p 00000000 00:00 0 
7f0e38000000-7f0e3805a000 rw-p 00000000 00:00 0 
7f0e3805a000-7f0e3c000000 ---p 00000000 00:00 0 
7f0e3c000000-7f0e3c04b000 rw-p 00000000 00:00 0 
7f0e3c04b000-7f0e40004000 ---p 00000000 00:00 0 
7f0e40004000-7f0e40100000 rw-p 00000000 00:00 0 
7f0e40100000-7f0e40104000 ---p 00000000 00:00 0 
7f0e40104000-7f0e40200000 rw-p 00000000 00:00 0 
7f0e40200000-7f0e404ec000 r--p 00000000 08:02 3417557                    /usr/lib/locale/locale-archive
7f0e404ef000-7f0e404f3000 ---p 00000000 00:00 0 
7f0e404f3000-7f0e405ef000 rw-p 00000000 00:00 0 
7f0e405ef000-7f0e405f3000 ---p 00000000 00:00 0 
7f0e405f3000-7f0e406ef000 rw-p 00000000 00:00 0 
7f0e406ef000-7f0e406f3000 ---p 00000000 00:00 0 
7f0e406f3000-7f0e407ef000 rw-p 00000000 00:00 0 
7f0e407ef000-7f0e407f0000 ---p 00000000 00:00 0 
7f0e407f0000-7f0e408f1000 rw-p 00000000 00:00 0 
7f0e408f1000-7f0e408f2000 ---p 00000000 00:00 0 
7f0e408f2000-7f0e409f3000 rw-p 00000000 00:00 0 
7f0e409f3000-7f0e409f4000 ---p 00000000 00:00 0 
7f0e409f4000-7f0e40af5000 rw-p 00000000 00:00 0 
7f0e40af5000-7f0e41a64000 rw-p 00000000 00:00 0 
7f0e41a64000-7f0e41e00000 ---p 00000000 00:00 0 
7f0e41e00000-7f0e42264000 rw-p 00000000 00:00 0 
7f0e42264000-7f0e42600000 ---p 00000000 00:00 0 
7f0e42600000-7f0e428f0000 rwxp 00000000 00:00 0 
7f0e428f0000-7f0e42d3f000 ---p 00000000 00:00 0 
7f0e42d3f000-7f0e43d6f000 rwxp 00000000 00:00 0 
7f0e43d6f000-7f0e4a19f000 ---p 00000000 00:00 0 
7f0e4a19f000-7f0e4aabf000 rwxp 00000000 00:00 0 
7f0e4aabf000-7f0e51600000 ---p 00000000 00:00 0 
7f0e51600000-7f0e53f1e000 r--s 00000000 103:01 6059580                   /home/daizan/.vscode/extensions/valentjn.vscode-ltex-13.1.0/lib/ltex-ls-15.2.0/jdk-11.0.12+7/lib/modules
7f0e54000000-7f0e550e8000 rw-p 00000000 00:00 0 
7f0e550e8000-7f0e58000000 ---p 00000000 00:00 0 
7f0e580ee000-7f0e582f0000 rw-p 00000000 00:00 0 
7f0e582f0000-7f0e582f1000 ---p 00000000 00:00 0 
7f0e582f1000-7f0e583f2000 rw-p 00000000 00:00 0 
7f0e583f2000-7f0e583f3000 ---p 00000000 00:00 0 
7f0e583f3000-7f0e584f4000 rw-p 00000000 00:00 0 
7f0e584f4000-7f0e58581000 rw-p 00000000 00:00 0 
7f0e58581000-7f0e585f4000 ---p 00000000 00:00 0 
7f0e585f4000-7f0e58681000 rw-p 00000000 00:00 0 
7f0e58681000-7f0e586f4000 ---p 00000000 00:00 0 
7f0e586f4000-7f0e58781000 rw-p 00000000 00:00 0 
7f0e58781000-7f0e587f4000 ---p 00000000 00:00 0 
7f0e587f4000-7f0e59400000 rw-p 00000000 00:00 0 
7f0e59400000-7f0e59407000 r-xp 00000000 103:01 6059579                   /home/daizan/.vscode/extensions/valentjn.vscode-ltex-13.1.0/lib/ltex-ls-15.2.0/jdk-11.0.12+7/lib/libzip.so
7f0e59407000-7f0e59606000 ---p 00007000 103:01 6059579                   /home/daizan/.vscode/extensions/valentjn.vscode-ltex-13.1.0/lib/ltex-ls-15.2.0/jdk-11.0.12+7/lib/libzip.so
7f0e59606000-7f0e59607000 r--p 00006000 103:01 6059579                   /home/daizan/.vscode/extensions/valentjn.vscode-ltex-13.1.0/lib/ltex-ls-15.2.0/jdk-11.0.12+7/lib/libzip.so
7f0e59607000-7f0e59608000 rw-p 00007000 103:01 6059579                   /home/daizan/.vscode/extensions/valentjn.vscode-ltex-13.1.0/lib/ltex-ls-15.2.0/jdk-11.0.12+7/lib/libzip.so
7f0e5967e000-7f0e59800000 rw-p 00000000 00:00 0 
7f0e59800000-7f0e5981b000 r-xp 00000000 103:01 6059546                   /home/daizan/.vscode/extensions/valentjn.vscode-ltex-13.1.0/lib/ltex-ls-15.2.0/jdk-11.0.12+7/lib/libjimage.so
7f0e5981b000-7f0e59a1a000 ---p 0001b000 103:01 6059546                   /home/daizan/.vscode/extensions/valentjn.vscode-ltex-13.1.0/lib/ltex-ls-15.2.0/jdk-11.0.12+7/lib/libjimage.so
7f0e59a1a000-7f0e59a1c000 r--p 0001a000 103:01 6059546                   /home/daizan/.vscode/extensions/valentjn.vscode-ltex-13.1.0/lib/ltex-ls-15.2.0/jdk-11.0.12+7/lib/libjimage.so
7f0e59a1c000-7f0e59a1d000 rw-p 0001c000 103:01 6059546                   /home/daizan/.vscode/extensions/valentjn.vscode-ltex-13.1.0/lib/ltex-ls-15.2.0/jdk-11.0.12+7/lib/libjimage.so
7f0e59a29000-7f0e59afe000 rw-p 00000000 00:00 0 
7f0e59afe000-7f0e59aff000 ---p 00000000 00:00 0 
7f0e59aff000-7f0e59c00000 rw-p 00000000 00:00 0 
7f0e59c00000-7f0e59c29000 r-xp 00000000 103:01 6059538                   /home/daizan/.vscode/extensions/valentjn.vscode-ltex-13.1.0/lib/ltex-ls-15.2.0/jdk-11.0.12+7/lib/libjava.so
7f0e59c29000-7f0e59e28000 ---p 00029000 103:01 6059538                   /home/daizan/.vscode/extensions/valentjn.vscode-ltex-13.1.0/lib/ltex-ls-15.2.0/jdk-11.0.12+7/lib/libjava.so
7f0e59e28000-7f0e59e29000 r--p 00028000 103:01 6059538                   /home/daizan/.vscode/extensions/valentjn.vscode-ltex-13.1.0/lib/ltex-ls-15.2.0/jdk-11.0.12+7/lib/libjava.so
7f0e59e29000-7f0e59e2a000 rw-p 00029000 103:01 6059538                   /home/daizan/.vscode/extensions/valentjn.vscode-ltex-13.1.0/lib/ltex-ls-15.2.0/jdk-11.0.12+7/lib/libjava.so
7f0e59e2a000-7f0e59e2b000 rw-p 00000000 00:00 0 
7f0e59e2e000-7f0e59e41000 rw-p 00000000 00:00 0 
7f0e59e41000-7f0e59f17000 ---p 00000000 00:00 0 
7f0e59f17000-7f0e59f38000 rw-p 00000000 00:00 0 
7f0e59f38000-7f0e5a000000 ---p 00000000 00:00 0 
7f0e5a000000-7f0e5a00d000 r-xp 00000000 103:01 6059578                   /home/daizan/.vscode/extensions/valentjn.vscode-ltex-13.1.0/lib/ltex-ls-15.2.0/jdk-11.0.12+7/lib/libverify.so
7f0e5a00d000-7f0e5a20c000 ---p 0000d000 103:01 6059578                   /home/daizan/.vscode/extensions/valentjn.vscode-ltex-13.1.0/lib/ltex-ls-15.2.0/jdk-11.0.12+7/lib/libverify.so
7f0e5a20c000-7f0e5a20e000 r--p 0000c000 103:01 6059578                   /home/daizan/.vscode/extensions/valentjn.vscode-ltex-13.1.0/lib/ltex-ls-15.2.0/jdk-11.0.12+7/lib/libverify.so
7f0e5a20e000-7f0e5a20f000 rw-p 0000e000 103:01 6059578                   /home/daizan/.vscode/extensions/valentjn.vscode-ltex-13.1.0/lib/ltex-ls-15.2.0/jdk-11.0.12+7/lib/libverify.so
7f0e5a210000-7f0e5a214000 ---p 00000000 00:00 0 
7f0e5a214000-7f0e5a310000 rw-p 00000000 00:00 0 
7f0e5a310000-7f0e5a321000 r--p 00000000 08:02 3418767                    /usr/lib/x86_64-linux-gnu/libm.so.6
7f0e5a321000-7f0e5a39e000 r-xp 00011000 08:02 3418767                    /usr/lib/x86_64-linux-gnu/libm.so.6
7f0e5a39e000-7f0e5a3fe000 r--p 0008e000 08:02 3418767                    /usr/lib/x86_64-linux-gnu/libm.so.6
7f0e5a3fe000-7f0e5a3ff000 r--p 000ed000 08:02 3418767                    /usr/lib/x86_64-linux-gnu/libm.so.6
7f0e5a3ff000-7f0e5a400000 rw-p 000ee000 08:02 3418767                    /usr/lib/x86_64-linux-gnu/libm.so.6
7f0e5a400000-7f0e5b677000 r-xp 00000000 103:01 6059599                   /home/daizan/.vscode/extensions/valentjn.vscode-ltex-13.1.0/lib/ltex-ls-15.2.0/jdk-11.0.12+7/lib/server/libjvm.so
7f0e5b677000-7f0e5b876000 ---p 01277000 103:01 6059599                   /home/daizan/.vscode/extensions/valentjn.vscode-ltex-13.1.0/lib/ltex-ls-15.2.0/jdk-11.0.12+7/lib/server/libjvm.so
7f0e5b876000-7f0e5b93b000 r--p 01276000 103:01 6059599                   /home/daizan/.vscode/extensions/valentjn.vscode-ltex-13.1.0/lib/ltex-ls-15.2.0/jdk-11.0.12+7/lib/server/libjvm.so
7f0e5b93b000-7f0e5b976000 rw-p 0133b000 103:01 6059599                   /home/daizan/.vscode/extensions/valentjn.vscode-ltex-13.1.0/lib/ltex-ls-15.2.0/jdk-11.0.12+7/lib/server/libjvm.so
7f0e5b976000-7f0e5b9cd000 rw-p 00000000 00:00 0 
7f0e5b9d8000-7f0e5ba0a000 rw-p 00000000 00:00 0 
7f0e5ba0a000-7f0e5ba32000 r--p 00000000 08:02 3418764                    /usr/lib/x86_64-linux-gnu/libc.so.6
7f0e5ba32000-7f0e5bb97000 r-xp 00028000 08:02 3418764                    /usr/lib/x86_64-linux-gnu/libc.so.6
7f0e5bb97000-7f0e5bbed000 r--p 0018d000 08:02 3418764                    /usr/lib/x86_64-linux-gnu/libc.so.6
7f0e5bbed000-7f0e5bbf1000 r--p 001e2000 08:02 3418764                    /usr/lib/x86_64-linux-gnu/libc.so.6
7f0e5bbf1000-7f0e5bbf3000 rw-p 001e6000 08:02 3418764                    /usr/lib/x86_64-linux-gnu/libc.so.6
7f0e5bbf3000-7f0e5bc00000 rw-p 00000000 00:00 0 
7f0e5bc00000-7f0e5bc10000 r-xp 00000000 103:01 6059507                   /home/daizan/.vscode/extensions/valentjn.vscode-ltex-13.1.0/lib/ltex-ls-15.2.0/jdk-11.0.12+7/lib/jli/libjli.so
7f0e5bc10000-7f0e5be0f000 ---p 00010000 103:01 6059507                   /home/daizan/.vscode/extensions/valentjn.vscode-ltex-13.1.0/lib/ltex-ls-15.2.0/jdk-11.0.12+7/lib/jli/libjli.so
7f0e5be0f000-7f0e5be10000 r--p 0000f000 103:01 6059507                   /home/daizan/.vscode/extensions/valentjn.vscode-ltex-13.1.0/lib/ltex-ls-15.2.0/jdk-11.0.12+7/lib/jli/libjli.so
7f0e5be10000-7f0e5be11000 rw-p 00010000 103:01 6059507                   /home/daizan/.vscode/extensions/valentjn.vscode-ltex-13.1.0/lib/ltex-ls-15.2.0/jdk-11.0.12+7/lib/jli/libjli.so
7f0e5be1b000-7f0e5be3c000 rw-p 00000000 00:00 0 
7f0e5be3c000-7f0e5be3d000 r--p 00000000 08:02 3418778                    /usr/lib/x86_64-linux-gnu/librt.so.1
7f0e5be3d000-7f0e5be3e000 r-xp 00001000 08:02 3418778                    /usr/lib/x86_64-linux-gnu/librt.so.1
7f0e5be3e000-7f0e5be3f000 r--p 00002000 08:02 3418778                    /usr/lib/x86_64-linux-gnu/librt.so.1
7f0e5be3f000-7f0e5be40000 r--p 00002000 08:02 3418778                    /usr/lib/x86_64-linux-gnu/librt.so.1
7f0e5be40000-7f0e5be41000 rw-p 00003000 08:02 3418778                    /usr/lib/x86_64-linux-gnu/librt.so.1
7f0e5be41000-7f0e5be46000 rw-p 00000000 00:00 0 
7f0e5be46000-7f0e5be47000 r--p 00000000 08:02 3418766                    /usr/lib/x86_64-linux-gnu/libdl.so.2
7f0e5be47000-7f0e5be48000 r-xp 00001000 08:02 3418766                    /usr/lib/x86_64-linux-gnu/libdl.so.2
7f0e5be48000-7f0e5be49000 r--p 00002000 08:02 3418766                    /usr/lib/x86_64-linux-gnu/libdl.so.2
7f0e5be49000-7f0e5be4a000 r--p 00002000 08:02 3418766                    /usr/lib/x86_64-linux-gnu/libdl.so.2
7f0e5be4a000-7f0e5be4b000 rw-p 00003000 08:02 3418766                    /usr/lib/x86_64-linux-gnu/libdl.so.2
7f0e5be4b000-7f0e5be4c000 r--p 00000000 08:02 3418776                    /usr/lib/x86_64-linux-gnu/libpthread.so.0
7f0e5be4c000-7f0e5be4d000 r-xp 00001000 08:02 3418776                    /usr/lib/x86_64-linux-gnu/libpthread.so.0
7f0e5be4d000-7f0e5be4e000 r--p 00002000 08:02 3418776                    /usr/lib/x86_64-linux-gnu/libpthread.so.0
7f0e5be4e000-7f0e5be4f000 r--p 00002000 08:02 3418776                    /usr/lib/x86_64-linux-gnu/libpthread.so.0
7f0e5be4f000-7f0e5be50000 rw-p 00003000 08:02 3418776                    /usr/lib/x86_64-linux-gnu/libpthread.so.0
7f0e5be50000-7f0e5be53000 r--p 00000000 08:02 3410058                    /usr/lib/x86_64-linux-gnu/libz.so.1.3.1
7f0e5be53000-7f0e5be67000 r-xp 00003000 08:02 3410058                    /usr/lib/x86_64-linux-gnu/libz.so.1.3.1
7f0e5be67000-7f0e5be6e000 r--p 00017000 08:02 3410058                    /usr/lib/x86_64-linux-gnu/libz.so.1.3.1
7f0e5be6e000-7f0e5be6f000 r--p 0001d000 08:02 3410058                    /usr/lib/x86_64-linux-gnu/libz.so.1.3.1
7f0e5be6f000-7f0e5be70000 rw-p 0001e000 08:02 3410058                    /usr/lib/x86_64-linux-gnu/libz.so.1.3.1
7f0e5be81000-7f0e5be87000 rw-p 00000000 00:00 0 
7f0e5be87000-7f0e5be90000 ---p 00000000 00:00 0 
7f0e5be90000-7f0e5be98000 rw-s 00000000 00:24 85                         /tmp/hsperfdata_daizan/5536
7f0e5be98000-7f0e5be99000 ---p 00000000 00:00 0 
7f0e5be99000-7f0e5be9a000 r--p 00000000 00:00 0 
7f0e5be9a000-7f0e5be9c000 rw-p 00000000 00:00 0 
7f0e5be9c000-7f0e5bea0000 r--p 00000000 00:00 0                          [vvar]
7f0e5bea0000-7f0e5bea2000 r-xp 00000000 00:00 0                          [vdso]
7f0e5bea2000-7f0e5bea3000 r--p 00000000 08:02 3418761                    /usr/lib/x86_64-linux-gnu/ld-linux-x86-64.so.2
7f0e5bea3000-7f0e5becb000 r-xp 00001000 08:02 3418761                    /usr/lib/x86_64-linux-gnu/ld-linux-x86-64.so.2
7f0e5becb000-7f0e5bed6000 r--p 00029000 08:02 3418761                    /usr/lib/x86_64-linux-gnu/ld-linux-x86-64.so.2
7f0e5bed6000-7f0e5bed8000 r--p 00034000 08:02 3418761                    /usr/lib/x86_64-linux-gnu/ld-linux-x86-64.so.2
7f0e5bed8000-7f0e5bed9000 rw-p 00036000 08:02 3418761                    /usr/lib/x86_64-linux-gnu/ld-linux-x86-64.so.2
7f0e5bed9000-7f0e5beda000 rw-p 00000000 00:00 0 
7fff27977000-7fff27999000 rw-p 00000000 00:00 0                          [stack]


VM Arguments:
jvm_args: 
[error occurred during error reporting (printing VM options), id 0x7, SIGBUS (0x7) at pc=0x00007f0e5a84d5e1]

[Global flags]

------ Timeout during error reporting after 120 s. ------
